

Processing PagesController#Home (for 127.0.0.1 at 2010-08-03 17:34:56) [GET]

ActionController::UnknownAction (No action responded to Home. Actions: about, contact, help, and home):
  -e:2:in `load'
  -e:2

Rendering rescues/layout (not_found)


Processing PagesController#home (for 127.0.0.1 at 2010-08-03 17:35:06) [GET]
Rendering template within layouts/application
Rendering pages/home
Completed in 17ms (View: 15, DB: 0) | 200 OK [http://localhost/]


Processing PagesController#contact (for 127.0.0.1 at 2010-08-03 17:35:37) [GET]
Rendering template within layouts/application
Rendering pages/contact
Completed in 9ms (View: 7, DB: 0) | 200 OK [http://localhost/contact]


Processing PagesController#contact (for 127.0.0.1 at 2010-08-03 17:44:19) [GET]
Rendering template within layouts/application
Rendering pages/contact
Rendered layouts/_stylesheets (1.4ms)

ActionView::TemplateError (undefined method `signed_in?' for #<ActionView::Base:0x2481eec>) on line #5 of app/views/layouts/_header.html.erb:
2:   <%= link_to logo, root_path %>
3:   <ul class="navigation round">
4:     <li><%= link_to "Home", root_path %></li>
5:     <% if signed_in? %>
6: 	<li><%= link_to "Users", users_path%></li>
7:     <li><%= link_to "Profile", current_user %></li>
8: 	<li><%= link_to "Settings", edit_user_path(current_user)%></li>

    app/views/layouts/_header.html.erb:5
    app/views/layouts/application.html.erb:11
    -e:2:in `load'
    -e:2

Rendered rescues/_trace (59.0ms)
Rendered rescues/_request_and_response (1.5ms)
Rendering rescues/layout (internal_server_error)


Processing PagesController#home (for 127.0.0.1 at 2010-08-03 17:44:25) [GET]
Rendering template within layouts/application
Rendering pages/home
Rendered layouts/_stylesheets (0.6ms)

ActionView::TemplateError (undefined method `signed_in?' for #<ActionView::Base:0x25420d4>) on line #5 of app/views/layouts/_header.html.erb:
2:   <%= link_to logo, root_path %>
3:   <ul class="navigation round">
4:     <li><%= link_to "Home", root_path %></li>
5:     <% if signed_in? %>
6: 	<li><%= link_to "Users", users_path%></li>
7:     <li><%= link_to "Profile", current_user %></li>
8: 	<li><%= link_to "Settings", edit_user_path(current_user)%></li>

    app/views/layouts/_header.html.erb:5
    app/views/layouts/application.html.erb:11
    -e:2:in `load'
    -e:2

Rendered rescues/_trace (58.6ms)
Rendered rescues/_request_and_response (0.3ms)
Rendering rescues/layout (internal_server_error)


Processing PagesController#home (for 127.0.0.1 at 2010-08-03 17:45:04) [GET]
Rendering template within layouts/application
Rendering pages/home
Rendered layouts/_stylesheets (0.7ms)

ActionView::TemplateError (undefined local variable or method `signin_path' for #<ActionView::Base:0x23d02dc>) on line #14 of app/views/layouts/_header.html.erb:
11:     <% if false #signed_in? %>
12:     <li><%= link_to "Sign out", signout_path, :method => :delete %></li>
13:     <% else %>
14:     <li><%= link_to "Sign in", signin_path %></li>
15:     <% end %>
16:   </ul>
17: </div>

    app/views/layouts/_header.html.erb:14
    app/views/layouts/application.html.erb:11
    -e:2:in `load'
    -e:2

Rendered rescues/_trace (51.7ms)
Rendered rescues/_request_and_response (0.3ms)
Rendering rescues/layout (internal_server_error)


Processing PagesController#home (for 127.0.0.1 at 2010-08-03 17:45:24) [GET]
Rendering template within layouts/application
Rendering pages/home
Rendered layouts/_stylesheets (0.6ms)
Rendered layouts/_header (1.9ms)
Rendered layouts/_footer (0.9ms)
Completed in 19ms (View: 16, DB: 0) | 200 OK [http://localhost/]


Processing ApplicationController#index (for 127.0.0.1 at 2010-08-03 17:45:25) [GET]

ActionController::RoutingError (No route matches "/stylesheets/custom.css" with {:method=>:get}):
  -e:2:in `load'
  -e:2

Rendering rescues/layout (not_found)


Processing PagesController#home (for 127.0.0.1 at 2010-08-03 17:45:25) [GET]
Rendering template within layouts/application
Rendering pages/home
Rendered layouts/_stylesheets (0.7ms)
Rendered layouts/_header (0.5ms)
Rendered layouts/_footer (0.2ms)
Completed in 9ms (View: 7, DB: 0) | 200 OK [http://localhost/]


Processing ApplicationController#index (for 127.0.0.1 at 2010-08-03 17:45:25) [GET]

ActionController::RoutingError (No route matches "/stylesheets/custom.css" with {:method=>:get}):
  -e:2:in `load'
  -e:2

Rendering rescues/layout (not_found)


Processing ApplicationController#index (for 127.0.0.1 at 2010-08-03 17:45:25) [GET]

ActionController::RoutingError (No route matches "/images/logo.png" with {:method=>:get}):
  -e:2:in `load'
  -e:2

Rendering rescues/layout (not_found)


Processing PagesController#about (for 127.0.0.1 at 2010-08-03 17:45:58) [GET]
Rendering template within layouts/application
Rendering pages/about
Rendered layouts/_stylesheets (0.6ms)
Rendered layouts/_header (0.5ms)
Rendered layouts/_footer (0.2ms)
Completed in 12ms (View: 10, DB: 0) | 200 OK [http://localhost/about]


Processing ApplicationController#index (for 127.0.0.1 at 2010-08-03 17:45:58) [GET]

ActionController::RoutingError (No route matches "/stylesheets/custom.css" with {:method=>:get}):
  -e:2:in `load'
  -e:2

Rendering rescues/layout (not_found)


Processing ApplicationController#index (for 127.0.0.1 at 2010-08-03 17:45:58) [GET]

ActionController::RoutingError (No route matches "/images/logo.png" with {:method=>:get}):
  -e:2:in `load'
  -e:2

Rendering rescues/layout (not_found)


Processing PagesController#contact (for 127.0.0.1 at 2010-08-03 17:45:59) [GET]
Rendering template within layouts/application
Rendering pages/contact
Rendered layouts/_stylesheets (0.6ms)
Rendered layouts/_header (0.5ms)
Rendered layouts/_footer (0.2ms)
Completed in 8ms (View: 6, DB: 0) | 200 OK [http://localhost/contact]


Processing ApplicationController#index (for 127.0.0.1 at 2010-08-03 17:45:59) [GET]

ActionController::RoutingError (No route matches "/stylesheets/custom.css" with {:method=>:get}):
  -e:2:in `load'
  -e:2

Rendering rescues/layout (not_found)


Processing ApplicationController#index (for 127.0.0.1 at 2010-08-03 17:46:00) [GET]

ActionController::RoutingError (No route matches "/images/logo.png" with {:method=>:get}):
  -e:2:in `load'
  -e:2

Rendering rescues/layout (not_found)


Processing PagesController#about (for 127.0.0.1 at 2010-08-03 17:46:01) [GET]
Rendering template within layouts/application
Rendering pages/about
Rendered layouts/_stylesheets (0.7ms)
Rendered layouts/_header (0.5ms)
Rendered layouts/_footer (0.2ms)
Completed in 10ms (View: 8, DB: 0) | 200 OK [http://localhost/about]


Processing ApplicationController#index (for 127.0.0.1 at 2010-08-03 17:46:01) [GET]

ActionController::RoutingError (No route matches "/stylesheets/custom.css" with {:method=>:get}):
  -e:2:in `load'
  -e:2

Rendering rescues/layout (not_found)


Processing ApplicationController#index (for 127.0.0.1 at 2010-08-03 17:46:01) [GET]

ActionController::RoutingError (No route matches "/images/logo.png" with {:method=>:get}):
  -e:2:in `load'
  -e:2

Rendering rescues/layout (not_found)


Processing PagesController#home (for 127.0.0.1 at 2010-08-03 17:46:02) [GET]
Rendering template within layouts/application
Rendering pages/home
Rendered layouts/_stylesheets (0.6ms)
Rendered layouts/_header (0.5ms)
Rendered layouts/_footer (0.2ms)
Completed in 7ms (View: 5, DB: 0) | 200 OK [http://localhost/]


Processing ApplicationController#index (for 127.0.0.1 at 2010-08-03 17:46:02) [GET]

ActionController::RoutingError (No route matches "/stylesheets/custom.css" with {:method=>:get}):
  -e:2:in `load'
  -e:2

Rendering rescues/layout (not_found)


Processing ApplicationController#index (for 127.0.0.1 at 2010-08-03 17:46:02) [GET]

ActionController::RoutingError (No route matches "/images/logo.png" with {:method=>:get}):
  -e:2:in `load'
  -e:2

Rendering rescues/layout (not_found)


Processing PagesController#help (for 127.0.0.1 at 2010-08-03 17:46:03) [GET]
Rendering template within layouts/application
Rendering pages/help
Rendered layouts/_stylesheets (0.6ms)
Rendered layouts/_header (0.5ms)
Rendered layouts/_footer (0.2ms)
Completed in 12ms (View: 10, DB: 0) | 200 OK [http://localhost/help]


Processing ApplicationController#index (for 127.0.0.1 at 2010-08-03 17:46:03) [GET]

ActionController::RoutingError (No route matches "/stylesheets/custom.css" with {:method=>:get}):
  -e:2:in `load'
  -e:2

Rendering rescues/layout (not_found)


Processing ApplicationController#index (for 127.0.0.1 at 2010-08-03 17:46:04) [GET]

ActionController::RoutingError (No route matches "/images/logo.png" with {:method=>:get}):
  -e:2:in `load'
  -e:2

Rendering rescues/layout (not_found)


Processing PagesController#home (for 127.0.0.1 at 2010-08-03 17:46:04) [GET]
Rendering template within layouts/application
Rendering pages/home
Rendered layouts/_stylesheets (0.6ms)
Rendered layouts/_header (0.5ms)
Rendered layouts/_footer (0.2ms)
Completed in 7ms (View: 5, DB: 0) | 200 OK [http://localhost/]


Processing ApplicationController#index (for 127.0.0.1 at 2010-08-03 17:46:04) [GET]

ActionController::RoutingError (No route matches "/stylesheets/custom.css" with {:method=>:get}):
  -e:2:in `load'
  -e:2

Rendering rescues/layout (not_found)


Processing ApplicationController#index (for 127.0.0.1 at 2010-08-03 17:46:05) [GET]

ActionController::RoutingError (No route matches "/images/logo.png" with {:method=>:get}):
  -e:2:in `load'
  -e:2

Rendering rescues/layout (not_found)


Processing PagesController#home (for 127.0.0.1 at 2010-08-03 17:49:24) [GET]
Rendering template within layouts/application
Rendering pages/home
Rendered layouts/_stylesheets (0.6ms)
Rendered layouts/_header (0.5ms)
Rendered layouts/_footer (0.2ms)
Completed in 8ms (View: 6, DB: 0) | 200 OK [http://localhost/]


Processing ApplicationController#index (for 127.0.0.1 at 2010-08-03 17:49:24) [GET]

ActionController::RoutingError (No route matches "/stylesheets/custom.css" with {:method=>:get}):
  -e:2:in `load'
  -e:2

Rendering rescues/layout (not_found)


Processing ApplicationController#index (for 127.0.0.1 at 2010-08-03 17:49:24) [GET]

ActionController::RoutingError (No route matches "/images/logo.png" with {:method=>:get}):
  -e:2:in `load'
  -e:2

Rendering rescues/layout (not_found)


Processing PagesController#home (for 127.0.0.1 at 2010-08-03 17:56:01) [GET]
Rendering template within layouts/application
Rendering pages/home
Rendered layouts/_stylesheets (0.7ms)
Rendered layouts/_header (1.9ms)
Rendered layouts/_footer (0.2ms)
Completed in 12ms (View: 11, DB: 0) | 200 OK [http://localhost/]


Processing ApplicationController#index (for 127.0.0.1 at 2010-08-03 17:56:01) [GET]

ActionController::RoutingError (No route matches "/stylesheets/custom.css" with {:method=>:get}):
  -e:2:in `load'
  -e:2

Rendering rescues/layout (not_found)


Processing ApplicationController#index (for 127.0.0.1 at 2010-08-03 17:56:01) [GET]

ActionController::RoutingError (No route matches "/images/logo.png" with {:method=>:get}):
  -e:2:in `load'
  -e:2

Rendering rescues/layout (not_found)


Processing PagesController#home (for 127.0.0.1 at 2010-08-03 17:56:03) [GET]
Rendering template within layouts/application
Rendering pages/home
Rendered layouts/_stylesheets (0.6ms)
Rendered layouts/_header (0.5ms)
Rendered layouts/_footer (0.2ms)
Completed in 8ms (View: 6, DB: 0) | 200 OK [http://localhost/]


Processing ApplicationController#index (for 127.0.0.1 at 2010-08-03 17:56:03) [GET]

ActionController::RoutingError (No route matches "/stylesheets/custom.css" with {:method=>:get}):
  -e:2:in `load'
  -e:2

Rendering rescues/layout (not_found)


Processing ApplicationController#index (for 127.0.0.1 at 2010-08-03 17:56:03) [GET]

ActionController::RoutingError (No route matches "/images/logo.png" with {:method=>:get}):
  -e:2:in `load'
  -e:2

Rendering rescues/layout (not_found)


Processing PagesController#home (for 127.0.0.1 at 2010-08-03 17:58:28) [GET]
Rendering template within layouts/application
Rendering pages/home
Rendered layouts/_stylesheets (0.6ms)
Rendered layouts/_header (1.9ms)
Rendered layouts/_footer (0.2ms)
Completed in 13ms (View: 11, DB: 0) | 200 OK [http://localhost/]


Processing ApplicationController#index (for 127.0.0.1 at 2010-08-03 17:58:28) [GET]

ActionController::RoutingError (No route matches "/stylesheets/custom.css" with {:method=>:get}):
  -e:2:in `load'
  -e:2

Rendering rescues/layout (not_found)


Processing ApplicationController#index (for 127.0.0.1 at 2010-08-03 17:58:28) [GET]

ActionController::RoutingError (No route matches "/images/logo.png" with {:method=>:get}):
  -e:2:in `load'
  -e:2

Rendering rescues/layout (not_found)


Processing PagesController#home (for 127.0.0.1 at 2010-08-03 17:58:39) [GET]
Rendering template within layouts/application
Rendering pages/home
Rendered layouts/_stylesheets (0.6ms)
Rendered layouts/_header (1.8ms)
Rendered layouts/_footer (0.2ms)
Completed in 13ms (View: 12, DB: 0) | 200 OK [http://localhost/]


Processing ApplicationController#index (for 127.0.0.1 at 2010-08-03 17:58:39) [GET]

ActionController::RoutingError (No route matches "/stylesheets/custom.css" with {:method=>:get}):
  -e:2:in `load'
  -e:2

Rendering rescues/layout (not_found)


Processing ApplicationController#index (for 127.0.0.1 at 2010-08-03 17:58:39) [GET]

ActionController::RoutingError (No route matches "/images/logo.png" with {:method=>:get}):
  -e:2:in `load'
  -e:2

Rendering rescues/layout (not_found)


Processing PagesController#home (for 127.0.0.1 at 2010-08-03 17:58:48) [GET]
Rendering template within layouts/application
Rendering pages/home
Rendered layouts/_stylesheets (0.6ms)
Rendered layouts/_header (2.0ms)
Rendered layouts/_footer (0.2ms)
Completed in 13ms (View: 12, DB: 0) | 200 OK [http://localhost/]


Processing ApplicationController#index (for 127.0.0.1 at 2010-08-03 17:58:48) [GET]

ActionController::RoutingError (No route matches "/stylesheets/custom.css" with {:method=>:get}):
  -e:2:in `load'
  -e:2

Rendering rescues/layout (not_found)


Processing ApplicationController#index (for 127.0.0.1 at 2010-08-03 17:58:48) [GET]

ActionController::RoutingError (No route matches "/images/logo.png" with {:method=>:get}):
  -e:2:in `load'
  -e:2

Rendering rescues/layout (not_found)


Processing PagesController#home (for 127.0.0.1 at 2010-08-03 18:00:34) [GET]
Rendering template within layouts/application
Rendering pages/home
Rendered layouts/_stylesheets (0.6ms)
Rendered layouts/_header (1.9ms)
Rendered layouts/_footer (0.2ms)
Completed in 14ms (View: 12, DB: 0) | 200 OK [http://localhost/]


Processing ApplicationController#index (for 127.0.0.1 at 2010-08-03 18:00:34) [GET]

ActionController::RoutingError (No route matches "/stylesheets/custom.css" with {:method=>:get}):
  -e:2:in `load'
  -e:2

Rendering rescues/layout (not_found)


Processing ApplicationController#index (for 127.0.0.1 at 2010-08-03 18:00:34) [GET]

ActionController::RoutingError (No route matches "/images/logo.png" with {:method=>:get}):
  -e:2:in `load'
  -e:2

Rendering rescues/layout (not_found)


Processing PagesController#home (for 127.0.0.1 at 2010-08-03 18:02:23) [GET]
Rendering template within layouts/application
Rendering pages/home
Rendered layouts/_stylesheets (0.6ms)
Rendered layouts/_header (0.5ms)
Rendered layouts/_footer (0.2ms)
Completed in 7ms (View: 6, DB: 0) | 200 OK [http://localhost/]


Processing ApplicationController#index (for 127.0.0.1 at 2010-08-03 18:02:23) [GET]

ActionController::RoutingError (No route matches "/images/logo.png" with {:method=>:get}):
  -e:2:in `load'
  -e:2

Rendering rescues/layout (not_found)
  [4;36;1mSQL (0.3ms)[0m   [0;1m SELECT name
 FROM sqlite_master
 WHERE type = 'table' AND NOT name = 'sqlite_sequence'
[0m
  [4;35;1mSQL (0.3ms)[0m   [0mselect sqlite_version(*)[0m
  [4;36;1mSQL (2.9ms)[0m   [0;1mCREATE TABLE "schema_migrations" ("version" varchar(255) NOT NULL) [0m
  [4;35;1mSQL (27.3ms)[0m   [0mPRAGMA index_list("schema_migrations")[0m
  [4;36;1mSQL (2.5ms)[0m   [0;1mCREATE UNIQUE INDEX "unique_schema_migrations" ON "schema_migrations" ("version")[0m
  [4;35;1mSQL (0.5ms)[0m   [0m SELECT name
 FROM sqlite_master
 WHERE type = 'table' AND NOT name = 'sqlite_sequence'
[0m
  [4;36;1mSQL (0.3ms)[0m   [0;1mSELECT version FROM schema_migrations[0m
Migrating to CreateUsers (20100804000521)
  [4;35;1mSQL (0.3ms)[0m   [0m SELECT name
 FROM sqlite_master
 WHERE type = 'table' AND NOT name = 'sqlite_sequence'
[0m
  [4;36;1mSQL (0.6ms)[0m   [0;1mCREATE TABLE "users" ("id" INTEGER PRIMARY KEY AUTOINCREMENT NOT NULL, "login" varchar(40), "name" varchar(100) DEFAULT '', "email" varchar(100), "crypted_password" varchar(40), "salt" varchar(40), "created_at" datetime, "updated_at" datetime, "remember_token" varchar(40), "remember_token_expires_at" datetime) [0m
  [4;35;1mSQL (0.1ms)[0m   [0mPRAGMA index_list("users")[0m
  [4;36;1mSQL (545.7ms)[0m   [0;1mCREATE UNIQUE INDEX "index_users_on_login" ON "users" ("login")[0m
  [4;35;1mSQL (0.2ms)[0m   [0mINSERT INTO schema_migrations (version) VALUES ('20100804000521')[0m
  [4;36;1mSQL (0.4ms)[0m   [0;1m SELECT name
 FROM sqlite_master
 WHERE type = 'table' AND NOT name = 'sqlite_sequence'
[0m
  [4;35;1mSQL (0.2ms)[0m   [0mSELECT version FROM schema_migrations[0m
  [4;36;1mSQL (0.3ms)[0m   [0;1m SELECT name
 FROM sqlite_master
 WHERE type = 'table' AND NOT name = 'sqlite_sequence'
[0m
  [4;35;1mSQL (0.2ms)[0m   [0mPRAGMA index_list("users")[0m
  [4;36;1mSQL (0.2ms)[0m   [0;1mPRAGMA index_info('index_users_on_login')[0m


Processing UsersController#create (for 127.0.0.1 at 2010-08-03 20:08:54) [POST]
  Parameters: {"user"=>{"password_confirmation"=>"secret", "password"=>"secret", "login"=>"test", "email"=>"test@example.com"}, "commit"=>"Sign up", "authenticity_token"=>"8Hzsn37KEahGAFgdP/pyt08tURi58Tx4EJVmlFyXY6o="}
  [4;36;1mUser Load (0.3ms)[0m   [0;1mSELECT "users".id FROM "users" WHERE ("users"."login" = 'test') LIMIT 1[0m
  [4;35;1mUser Load (0.1ms)[0m   [0mSELECT "users".id FROM "users" WHERE ("users"."email" = 'test@example.com') LIMIT 1[0m
  [4;36;1mUser Create (0.5ms)[0m   [0;1mINSERT INTO "users" ("name", "salt", "updated_at", "crypted_password", "remember_token_expires_at", "remember_token", "login", "email", "created_at") VALUES('', '5cad28b1c9b4e0e6eebb7d5e1e5cf352fa6b76fd', '2010-08-04 02:08:54', '32f10031b8f5d1c3f9251ba0cdb69118f2ab77b2', NULL, NULL, 'test', 'test@example.com', '2010-08-04 02:08:54')[0m
Redirected to http://localhost:3002/
Completed in 21ms (DB: 1) | 302 Found [http://localhost/users]


Processing PagesController#home (for 127.0.0.1 at 2010-08-03 20:08:54) [GET]
Rendering template within layouts/application
Rendering pages/home
Rendered layouts/_stylesheets (1.3ms)
  [4;35;1mUser Load (0.6ms)[0m   [0mSELECT * FROM "users" WHERE ("users"."id" = 1) LIMIT 1[0m
Rendered layouts/_header (41.9ms)
Rendered layouts/_footer (1.1ms)
Completed in 81ms (View: 79, DB: 1) | 200 OK [http://localhost/]


Processing ApplicationController#index (for 127.0.0.1 at 2010-08-03 20:08:54) [GET]

ActionController::RoutingError (No route matches "/images/logo.png" with {:method=>:get}):
  -e:2:in `load'
  -e:2

Rendering rescues/layout (not_found)


Processing PagesController#home (for 127.0.0.1 at 2010-08-03 20:09:01) [GET]
Rendering template within layouts/application
Rendering pages/home
Rendered layouts/_stylesheets (1.0ms)
  [4;36;1mUser Load (0.4ms)[0m   [0;1mSELECT * FROM "users" WHERE ("users"."id" = 1) LIMIT 1[0m
Rendered layouts/_header (12.5ms)
Rendered layouts/_footer (0.2ms)
Completed in 20ms (View: 18, DB: 0) | 200 OK [http://localhost/]


Processing ApplicationController#index (for 127.0.0.1 at 2010-08-03 20:09:01) [GET]

ActionController::RoutingError (No route matches "/images/logo.png" with {:method=>:get}):
  -e:2:in `load'
  -e:2

Rendering rescues/layout (not_found)


Processing PagesController#contact (for 127.0.0.1 at 2010-08-03 20:09:03) [GET]
Rendering template within layouts/application
Rendering pages/contact
Rendered layouts/_stylesheets (0.7ms)
  [4;35;1mUser Load (0.3ms)[0m   [0mSELECT * FROM "users" WHERE ("users"."id" = 1) LIMIT 1[0m
Rendered layouts/_header (12.2ms)
Rendered layouts/_footer (0.2ms)
Completed in 42ms (View: 40, DB: 0) | 200 OK [http://localhost/contact]


Processing ApplicationController#index (for 127.0.0.1 at 2010-08-03 20:09:04) [GET]

ActionController::RoutingError (No route matches "/images/logo.png" with {:method=>:get}):
  -e:2:in `load'
  -e:2

Rendering rescues/layout (not_found)


Processing PagesController#about (for 127.0.0.1 at 2010-08-03 20:09:05) [GET]
Rendering template within layouts/application
Rendering pages/about
Rendered layouts/_stylesheets (0.6ms)
  [4;36;1mUser Load (0.4ms)[0m   [0;1mSELECT * FROM "users" WHERE ("users"."id" = 1) LIMIT 1[0m
Rendered layouts/_header (12.4ms)
Rendered layouts/_footer (0.2ms)
Completed in 24ms (View: 21, DB: 0) | 200 OK [http://localhost/about]


Processing ApplicationController#index (for 127.0.0.1 at 2010-08-03 20:09:05) [GET]

ActionController::RoutingError (No route matches "/images/logo.png" with {:method=>:get}):
  -e:2:in `load'
  -e:2

Rendering rescues/layout (not_found)


Processing SessionsController#destroy (for 127.0.0.1 at 2010-08-03 20:09:11) [DELETE]
  Parameters: {"authenticity_token"=>"8Hzsn37KEahGAFgdP/pyt08tURi58Tx4EJVmlFyXY6o="}
Redirected to http://localhost:3002/
Completed in 8ms (DB: 0) | 302 Found [http://localhost/logout]


Processing PagesController#home (for 127.0.0.1 at 2010-08-03 20:09:12) [GET]
Rendering template within layouts/application
Rendering pages/home
Rendered layouts/_stylesheets (0.6ms)
Rendered layouts/_header (0.9ms)
Rendered layouts/_footer (0.2ms)
Completed in 9ms (View: 6, DB: 0) | 200 OK [http://localhost/]


Processing ApplicationController#index (for 127.0.0.1 at 2010-08-03 20:09:12) [GET]

ActionController::RoutingError (No route matches "/images/logo.png" with {:method=>:get}):
  -e:2:in `load'
  -e:2

Rendering rescues/layout (not_found)


Processing PagesController#home (for 127.0.0.1 at 2010-08-03 20:10:24) [GET]
Rendering template within layouts/application
Rendering pages/home
Rendered layouts/_stylesheets (0.7ms)
Rendered layouts/_header (0.9ms)
Rendered layouts/_footer (0.2ms)
Completed in 8ms (View: 6, DB: 0) | 200 OK [http://localhost/]


Processing ApplicationController#index (for 127.0.0.1 at 2010-08-03 20:10:24) [GET]

ActionController::RoutingError (No route matches "/images/logo.png" with {:method=>:get}):
  -e:2:in `load'
  -e:2

Rendering rescues/layout (not_found)


Processing SessionsController#new (for 127.0.0.1 at 2010-08-03 20:10:27) [GET]
Rendering template within layouts/application
Rendering sessions/new
Rendered layouts/_stylesheets (0.6ms)
Rendered layouts/_header (0.7ms)
Rendered layouts/_footer (0.2ms)
Completed in 14ms (View: 13, DB: 0) | 200 OK [http://localhost/login]


Processing ApplicationController#index (for 127.0.0.1 at 2010-08-03 20:10:27) [GET]

ActionController::RoutingError (No route matches "/images/logo.png" with {:method=>:get}):
  -e:2:in `load'
  -e:2

Rendering rescues/layout (not_found)


Processing SessionsController#create (for 127.0.0.1 at 2010-08-03 20:10:32) [POST]
  Parameters: {"commit"=>"Log in", "authenticity_token"=>"EiDQnG/8h3osTIBk7AhBWAtRA0HLrs+Gf9Yq7VifO3U=", "login"=>"test", "password"=>"secret"}
  [4;35;1mUser Load (0.6ms)[0m   [0mSELECT * FROM "users" WHERE ("users"."login" = 'test') LIMIT 1[0m
Redirected to http://localhost:3002/
Completed in 15ms (DB: 1) | 302 Found [http://localhost/session]


Processing PagesController#home (for 127.0.0.1 at 2010-08-03 20:10:32) [GET]
Rendering template within layouts/application
Rendering pages/home
Rendered layouts/_stylesheets (0.7ms)
  [4;36;1mUser Load (0.8ms)[0m   [0;1mSELECT * FROM "users" WHERE ("users"."id" = 1) LIMIT 1[0m
Rendered layouts/_header (17.7ms)
Rendered layouts/_footer (0.3ms)
Completed in 43ms (View: 40, DB: 1) | 200 OK [http://localhost/]


Processing ApplicationController#index (for 127.0.0.1 at 2010-08-03 20:10:33) [GET]

ActionController::RoutingError (No route matches "/images/logo.png" with {:method=>:get}):
  -e:2:in `load'
  -e:2

Rendering rescues/layout (not_found)


Processing PagesController#home (for 127.0.0.1 at 2010-08-03 21:26:37) [GET]
Rendering template within layouts/application
Rendering pages/home
Rendered layouts/_stylesheets (0.0ms)
Rendered layouts/_header (281.0ms)
Rendered layouts/_footer (0.0ms)
Completed in 407ms (View: 407, DB: 0) | 200 OK [http://localhost/]


Processing ApplicationController#index (for 127.0.0.1 at 2010-08-03 21:26:37) [GET]

ActionController::RoutingError (No route matches "/images/logo.png" with {:method=>:get}):
  

Rendering rescues/layout (not_found)


Processing PagesController#about (for 127.0.0.1 at 2010-08-03 21:26:45) [GET]
Rendering template within layouts/application
Rendering pages/about
Rendered layouts/_stylesheets (0.0ms)
Rendered layouts/_header (0.0ms)
Rendered layouts/_footer (0.0ms)
Completed in 16ms (View: 16, DB: 0) | 200 OK [http://localhost/about]


Processing ApplicationController#index (for 127.0.0.1 at 2010-08-03 21:26:45) [GET]

ActionController::RoutingError (No route matches "/images/logo.png" with {:method=>:get}):
  

Rendering rescues/layout (not_found)


Processing PagesController#about (for 127.0.0.1 at 2010-08-03 21:27:43) [GET]
Rendering template within layouts/application
Rendering pages/about
Rendered layouts/_stylesheets (0.0ms)
Rendered layouts/_header (0.0ms)
Rendered layouts/_footer (0.0ms)
Completed in 16ms (View: 16, DB: 0) | 200 OK [http://localhost/about]


Processing PagesController#about (for 127.0.0.1 at 2010-08-03 21:27:44) [GET]
Rendering template within layouts/application
Rendering pages/about
Rendered layouts/_stylesheets (0.0ms)
Rendered layouts/_header (0.0ms)
Rendered layouts/_footer (0.0ms)
Completed in 15ms (View: 15, DB: 0) | 200 OK [http://localhost/about]


Processing PagesController#about (for 127.0.0.1 at 2010-08-03 21:27:44) [GET]
Rendering template within layouts/application
Rendering pages/about
Rendered layouts/_stylesheets (0.0ms)
Rendered layouts/_header (0.0ms)
Rendered layouts/_footer (0.0ms)
Completed in 31ms (View: 0, DB: 0) | 200 OK [http://localhost/about]


Processing PagesController#about (for 127.0.0.1 at 2010-08-03 21:27:44) [GET]
Rendering template within layouts/application
Rendering pages/about
Rendered layouts/_stylesheets (0.0ms)
Rendered layouts/_header (0.0ms)
Rendered layouts/_footer (0.0ms)
Completed in 31ms (View: 0, DB: 0) | 200 OK [http://localhost/about]


Processing ApplicationController#index (for 127.0.0.1 at 2010-08-03 21:27:44) [GET]

ActionController::RoutingError (No route matches "/images/logo.png" with {:method=>:get}):
  

Rendering rescues/layout (not_found)


Processing SessionsController#new (for 127.0.0.1 at 2010-08-03 21:27:57) [GET]
Rendering template within layouts/application
Rendering sessions/new
Rendered layouts/_stylesheets (0.0ms)
Rendered layouts/_header (0.0ms)
Rendered layouts/_footer (0.0ms)
Completed in 47ms (View: 32, DB: 0) | 200 OK [http://localhost/login]


Processing ApplicationController#index (for 127.0.0.1 at 2010-08-03 21:27:58) [GET]

ActionController::RoutingError (No route matches "/images/logo.png" with {:method=>:get}):
  

Rendering rescues/layout (not_found)


Processing UsersController#new (for 127.0.0.1 at 2010-08-03 21:28:00) [GET]
Rendering template within layouts/application
Rendering users/new
Rendered layouts/_stylesheets (0.0ms)
Rendered layouts/_header (0.0ms)
Rendered layouts/_footer (0.0ms)
Completed in 172ms (View: 31, DB: 0) | 200 OK [http://localhost/signup]


Processing ApplicationController#index (for 127.0.0.1 at 2010-08-03 21:28:00) [GET]

ActionController::RoutingError (No route matches "/images/logo.png" with {:method=>:get}):
  

Rendering rescues/layout (not_found)


Processing UsersController#create (for 127.0.0.1 at 2010-08-03 21:28:10) [POST]
  Parameters: {"user"=>{"password_confirmation"=>"secret", "password"=>"secret", "login"=>"test", "email"=>"test@email.com"}, "commit"=>"Sign up", "authenticity_token"=>"OaksIbAwQLm+gzuWXp0OD8EuLkcjBwJby5CMtOUulkQ="}
  [4;36;1mUser Load (0.0ms)[0m   [0;1mSELECT "users".id FROM "users" WHERE ("users"."login" = 'test') LIMIT 1[0m
  [4;35;1mUser Load (0.0ms)[0m   [0mSELECT "users".id FROM "users" WHERE ("users"."email" = 'test@email.com') LIMIT 1[0m
Rendering template within layouts/application
Rendering users/new
Rendered layouts/_stylesheets (0.0ms)
Rendered layouts/_header (0.0ms)
Rendered layouts/_footer (0.0ms)
Completed in 63ms (View: 16, DB: 0) | 200 OK [http://localhost/users]


Processing ApplicationController#index (for 127.0.0.1 at 2010-08-03 21:28:10) [GET]

ActionController::RoutingError (No route matches "/images/logo.png" with {:method=>:get}):
  

Rendering rescues/layout (not_found)


Processing UsersController#create (for 127.0.0.1 at 2010-08-03 21:28:26) [POST]
  Parameters: {"user"=>{"password_confirmation"=>"secret", "password"=>"secret", "login"=>"test123", "email"=>"test@email.com"}, "commit"=>"Sign up", "authenticity_token"=>"OaksIbAwQLm+gzuWXp0OD8EuLkcjBwJby5CMtOUulkQ="}
  [4;36;1mUser Load (0.0ms)[0m   [0;1mSELECT "users".id FROM "users" WHERE ("users"."login" = 'test123') LIMIT 1[0m
  [4;35;1mUser Load (0.0ms)[0m   [0mSELECT "users".id FROM "users" WHERE ("users"."email" = 'test@email.com') LIMIT 1[0m
  [4;36;1mUser Create (0.0ms)[0m   [0;1mINSERT INTO "users" ("name", "salt", "updated_at", "crypted_password", "remember_token_expires_at", "remember_token", "login", "email", "created_at") VALUES('', 'f474f344bff0330cdfec22fb29118f4ee9298d2e', '2010-08-04 03:28:26', '52a65fef2e0ba9d21e70c5a3dce1a1cfc18c9776', NULL, NULL, 'test123', 'test@email.com', '2010-08-04 03:28:26')[0m
Redirected to http://localhost:3000/
Completed in 125ms (DB: 0) | 302 Found [http://localhost/users]


Processing PagesController#home (for 127.0.0.1 at 2010-08-03 21:28:26) [GET]
Rendering template within layouts/application
Rendering pages/home
Rendered layouts/_stylesheets (0.0ms)
  [4;35;1mUser Load (0.0ms)[0m   [0mSELECT * FROM "users" WHERE ("users"."id" = 2) LIMIT 1[0m
Rendered layouts/_header (141.0ms)
Rendered layouts/_footer (0.0ms)
Completed in 172ms (View: 156, DB: 0) | 200 OK [http://localhost/]


Processing ApplicationController#index (for 127.0.0.1 at 2010-08-03 21:28:27) [GET]

ActionController::RoutingError (No route matches "/images/logo.png" with {:method=>:get}):
  

Rendering rescues/layout (not_found)


Processing PagesController#home (for 127.0.0.1 at 2010-08-03 21:30:35) [GET]
Rendering template within layouts/application
Rendering pages/home
Rendered layouts/_stylesheets (0.0ms)
  [4;36;1mUser Load (0.0ms)[0m   [0;1mSELECT * FROM "users" WHERE ("users"."id" = 2) LIMIT 1[0m
Rendered layouts/_header (47.0ms)
Rendered layouts/_footer (0.0ms)
Completed in 172ms (View: 172, DB: 0) | 200 OK [http://localhost/]


Processing ApplicationController#index (for 127.0.0.1 at 2010-08-03 21:30:35) [GET]

ActionController::RoutingError (No route matches "/images/logo.png" with {:method=>:get}):
  

Rendering rescues/layout (not_found)


Processing SessionsController#destroy (for 127.0.0.1 at 2010-08-03 21:31:33) [DELETE]
  Parameters: {"authenticity_token"=>"OaksIbAwQLm+gzuWXp0OD8EuLkcjBwJby5CMtOUulkQ="}
  [4;35;1mUser Load (0.0ms)[0m   [0mSELECT * FROM "users" WHERE ("users"."id" = 2) LIMIT 1[0m
Redirected to http://localhost:3000/
Completed in 31ms (DB: 0) | 302 Found [http://localhost/logout]


Processing PagesController#home (for 127.0.0.1 at 2010-08-03 21:31:33) [GET]
Rendering template within layouts/application
Rendering pages/home
Rendered layouts/_stylesheets (0.0ms)
Rendered layouts/_header (0.0ms)
Rendered layouts/_footer (0.0ms)
Completed in 0ms (View: 0, DB: 0) | 200 OK [http://localhost/]


Processing ApplicationController#index (for 127.0.0.1 at 2010-08-03 21:31:34) [GET]

ActionController::RoutingError (No route matches "/images/logo.png" with {:method=>:get}):
  

Rendering rescues/layout (not_found)


Processing UsersController#new (for 127.0.0.1 at 2010-08-03 21:31:37) [GET]
Rendering template within layouts/application
Rendering users/new
Rendered layouts/_stylesheets (0.0ms)
Rendered layouts/_header (0.0ms)
Rendered layouts/_footer (0.0ms)
Completed in 46ms (View: 31, DB: 0) | 200 OK [http://localhost/signup]


Processing ApplicationController#index (for 127.0.0.1 at 2010-08-03 21:31:37) [GET]

ActionController::RoutingError (No route matches "/images/logo.png" with {:method=>:get}):
  

Rendering rescues/layout (not_found)


Processing SessionsController#new (for 127.0.0.1 at 2010-08-03 21:31:39) [GET]
Redirected to http://localhost:3000/session/new
Filter chain halted as [:login_required] rendered_or_redirected.
Completed in 0ms (DB: 0) | 302 Found [http://localhost/login]


Processing SessionsController#new (for 127.0.0.1 at 2010-08-03 21:31:39) [GET]
Redirected to http://localhost:3000/session/new
Filter chain halted as [:login_required] rendered_or_redirected.
Completed in 16ms (DB: 0) | 302 Found [http://localhost/session/new]


Processing SessionsController#new (for 127.0.0.1 at 2010-08-03 21:31:39) [GET]
Redirected to http://localhost:3000/session/new
Filter chain halted as [:login_required] rendered_or_redirected.
Completed in 0ms (DB: 0) | 302 Found [http://localhost/session/new]


Processing SessionsController#new (for 127.0.0.1 at 2010-08-03 21:31:39) [GET]
Redirected to http://localhost:3000/session/new
Filter chain halted as [:login_required] rendered_or_redirected.
Completed in 16ms (DB: 0) | 302 Found [http://localhost/session/new]


Processing SessionsController#new (for 127.0.0.1 at 2010-08-03 21:31:40) [GET]
Redirected to http://localhost:3000/session/new
Filter chain halted as [:login_required] rendered_or_redirected.
Completed in 31ms (DB: 0) | 302 Found [http://localhost/session/new]


Processing SessionsController#new (for 127.0.0.1 at 2010-08-03 21:31:40) [GET]
Redirected to http://localhost:3000/session/new
Filter chain halted as [:login_required] rendered_or_redirected.
Completed in 0ms (DB: 0) | 302 Found [http://localhost/session/new]


Processing SessionsController#new (for 127.0.0.1 at 2010-08-03 21:31:40) [GET]
Redirected to http://localhost:3000/session/new
Filter chain halted as [:login_required] rendered_or_redirected.
Completed in 0ms (DB: 0) | 302 Found [http://localhost/session/new]


Processing SessionsController#new (for 127.0.0.1 at 2010-08-03 21:31:40) [GET]
Redirected to http://localhost:3000/session/new
Filter chain halted as [:login_required] rendered_or_redirected.
Completed in 0ms (DB: 0) | 302 Found [http://localhost/session/new]


Processing SessionsController#new (for 127.0.0.1 at 2010-08-03 21:31:40) [GET]
Redirected to http://localhost:3000/session/new
Filter chain halted as [:login_required] rendered_or_redirected.
Completed in 0ms (DB: 0) | 302 Found [http://localhost/session/new]


Processing SessionsController#new (for 127.0.0.1 at 2010-08-03 21:31:40) [GET]
Redirected to http://localhost:3000/session/new
Filter chain halted as [:login_required] rendered_or_redirected.
Completed in 16ms (DB: 0) | 302 Found [http://localhost/session/new]


Processing SessionsController#new (for 127.0.0.1 at 2010-08-03 21:31:40) [GET]
Redirected to http://localhost:3000/session/new
Filter chain halted as [:login_required] rendered_or_redirected.
Completed in 0ms (DB: 0) | 302 Found [http://localhost/session/new]


Processing SessionsController#new (for 127.0.0.1 at 2010-08-03 21:31:40) [GET]
Redirected to http://localhost:3000/session/new
Filter chain halted as [:login_required] rendered_or_redirected.
Completed in 0ms (DB: 0) | 302 Found [http://localhost/session/new]


Processing SessionsController#new (for 127.0.0.1 at 2010-08-03 21:31:40) [GET]
Redirected to http://localhost:3000/session/new
Filter chain halted as [:login_required] rendered_or_redirected.
Completed in 0ms (DB: 0) | 302 Found [http://localhost/session/new]


Processing SessionsController#new (for 127.0.0.1 at 2010-08-03 21:31:40) [GET]
Redirected to http://localhost:3000/session/new
Filter chain halted as [:login_required] rendered_or_redirected.
Completed in 0ms (DB: 0) | 302 Found [http://localhost/session/new]


Processing SessionsController#new (for 127.0.0.1 at 2010-08-03 21:31:40) [GET]
Redirected to http://localhost:3000/session/new
Filter chain halted as [:login_required] rendered_or_redirected.
Completed in 0ms (DB: 0) | 302 Found [http://localhost/session/new]


Processing SessionsController#new (for 127.0.0.1 at 2010-08-03 21:31:40) [GET]
Redirected to http://localhost:3000/session/new
Filter chain halted as [:login_required] rendered_or_redirected.
Completed in 16ms (DB: 0) | 302 Found [http://localhost/session/new]


Processing SessionsController#new (for 127.0.0.1 at 2010-08-03 21:31:40) [GET]
Redirected to http://localhost:3000/session/new
Filter chain halted as [:login_required] rendered_or_redirected.
Completed in 0ms (DB: 0) | 302 Found [http://localhost/session/new]


Processing SessionsController#new (for 127.0.0.1 at 2010-08-03 21:31:40) [GET]
Redirected to http://localhost:3000/session/new
Filter chain halted as [:login_required] rendered_or_redirected.
Completed in 0ms (DB: 0) | 302 Found [http://localhost/session/new]


Processing SessionsController#new (for 127.0.0.1 at 2010-08-03 21:31:41) [GET]
Redirected to http://localhost:3000/session/new
Filter chain halted as [:login_required] rendered_or_redirected.
Completed in 31ms (DB: 0) | 302 Found [http://localhost/session/new]


Processing SessionsController#new (for 127.0.0.1 at 2010-08-03 21:31:41) [GET]
Redirected to http://localhost:3000/session/new
Filter chain halted as [:login_required] rendered_or_redirected.
Completed in 0ms (DB: 0) | 302 Found [http://localhost/session/new]


Processing SessionsController#new (for 127.0.0.1 at 2010-08-03 21:31:41) [GET]
Redirected to http://localhost:3000/session/new
Filter chain halted as [:login_required] rendered_or_redirected.
Completed in 16ms (DB: 0) | 302 Found [http://localhost/session/new]


Processing UsersController#new (for 127.0.0.1 at 2010-08-03 21:31:46) [GET]
Rendering template within layouts/application
Rendering users/new
Rendered layouts/_stylesheets (0.0ms)
Rendered layouts/_header (0.0ms)
Rendered layouts/_footer (0.0ms)
Completed in 46ms (View: 15, DB: 0) | 200 OK [http://localhost/signup]


Processing ApplicationController#index (for 127.0.0.1 at 2010-08-03 21:31:46) [GET]

ActionController::RoutingError (No route matches "/images/logo.png" with {:method=>:get}):
  

Rendering rescues/layout (not_found)


Processing UsersController#create (for 127.0.0.1 at 2010-08-03 21:32:05) [POST]
  Parameters: {"user"=>{"password_confirmation"=>"secret", "password"=>"secret", "login"=>"applez", "email"=>"applez@email.com"}, "commit"=>"Sign up", "authenticity_token"=>"MjAlTF1PsEdYvD+1kbey3m2zKFsxJv3jmk68kQHyLtk="}
  [4;36;1mUser Load (0.0ms)[0m   [0;1mSELECT "users".id FROM "users" WHERE ("users"."login" = 'applez') LIMIT 1[0m
  [4;35;1mUser Load (0.0ms)[0m   [0mSELECT "users".id FROM "users" WHERE ("users"."email" = 'applez@email.com') LIMIT 1[0m
  [4;36;1mUser Create (0.0ms)[0m   [0;1mINSERT INTO "users" ("name", "salt", "updated_at", "crypted_password", "remember_token_expires_at", "remember_token", "login", "email", "created_at") VALUES('', '1c93607775021f1cf0a5966731fe916a2ab8e2b6', '2010-08-04 03:32:05', '4df8d8d82b7eec5e0d249c2bebe5efa705ffa205', NULL, NULL, 'applez', 'applez@email.com', '2010-08-04 03:32:05')[0m
Redirected to http://localhost:3000/session/new
Completed in 156ms (DB: 0) | 302 Found [http://localhost/users]


Processing SessionsController#new (for 127.0.0.1 at 2010-08-03 21:32:05) [GET]
  [4;35;1mUser Load (0.0ms)[0m   [0mSELECT * FROM "users" WHERE ("users"."id" = 3) LIMIT 1[0m
Rendering template within layouts/application
Rendering sessions/new
Rendered layouts/_stylesheets (0.0ms)
Rendered layouts/_header (0.0ms)
Rendered layouts/_footer (0.0ms)
Completed in 47ms (View: 16, DB: 0) | 200 OK [http://localhost/session/new]


Processing ApplicationController#index (for 127.0.0.1 at 2010-08-03 21:32:05) [GET]

ActionController::RoutingError (No route matches "/images/logo.png" with {:method=>:get}):
  

Rendering rescues/layout (not_found)


Processing SessionsController#destroy (for 127.0.0.1 at 2010-08-03 21:32:25) [DELETE]
  Parameters: {"authenticity_token"=>"MjAlTF1PsEdYvD+1kbey3m2zKFsxJv3jmk68kQHyLtk="}
  [4;36;1mUser Load (0.0ms)[0m   [0;1mSELECT * FROM "users" WHERE ("users"."id" = 3) LIMIT 1[0m
Redirected to http://localhost:3000/
Completed in 32ms (DB: 0) | 302 Found [http://localhost/logout]


Processing PagesController#home (for 127.0.0.1 at 2010-08-03 21:32:25) [GET]
Rendering template within layouts/application
Rendering pages/home
Rendered layouts/_stylesheets (0.0ms)
Rendered layouts/_header (0.0ms)
Rendered layouts/_footer (0.0ms)
Completed in 0ms (View: 0, DB: 0) | 200 OK [http://localhost/]


Processing ApplicationController#index (for 127.0.0.1 at 2010-08-03 21:32:25) [GET]

ActionController::RoutingError (No route matches "/images/logo.png" with {:method=>:get}):
  

Rendering rescues/layout (not_found)


Processing SessionsController#new (for 127.0.0.1 at 2010-08-03 21:32:26) [GET]
Redirected to http://localhost:3000/session/new
Filter chain halted as [:login_required] rendered_or_redirected.
Completed in 16ms (DB: 0) | 302 Found [http://localhost/login]


Processing SessionsController#new (for 127.0.0.1 at 2010-08-03 21:32:26) [GET]
Redirected to http://localhost:3000/session/new
Filter chain halted as [:login_required] rendered_or_redirected.
Completed in 0ms (DB: 0) | 302 Found [http://localhost/session/new]


Processing SessionsController#new (for 127.0.0.1 at 2010-08-03 21:32:26) [GET]
Redirected to http://localhost:3000/session/new
Filter chain halted as [:login_required] rendered_or_redirected.
Completed in 0ms (DB: 0) | 302 Found [http://localhost/session/new]


Processing SessionsController#new (for 127.0.0.1 at 2010-08-03 21:32:26) [GET]
Redirected to http://localhost:3000/session/new
Filter chain halted as [:login_required] rendered_or_redirected.
Completed in 0ms (DB: 0) | 302 Found [http://localhost/session/new]


Processing SessionsController#new (for 127.0.0.1 at 2010-08-03 21:32:26) [GET]
Redirected to http://localhost:3000/session/new
Filter chain halted as [:login_required] rendered_or_redirected.
Completed in 0ms (DB: 0) | 302 Found [http://localhost/session/new]


Processing SessionsController#new (for 127.0.0.1 at 2010-08-03 21:32:26) [GET]
Redirected to http://localhost:3000/session/new
Filter chain halted as [:login_required] rendered_or_redirected.
Completed in 0ms (DB: 0) | 302 Found [http://localhost/session/new]


Processing SessionsController#new (for 127.0.0.1 at 2010-08-03 21:32:26) [GET]
Redirected to http://localhost:3000/session/new
Filter chain halted as [:login_required] rendered_or_redirected.
Completed in 16ms (DB: 0) | 302 Found [http://localhost/session/new]


Processing SessionsController#new (for 127.0.0.1 at 2010-08-03 21:32:27) [GET]
Redirected to http://localhost:3000/session/new
Filter chain halted as [:login_required] rendered_or_redirected.
Completed in 0ms (DB: 0) | 302 Found [http://localhost/session/new]


Processing SessionsController#new (for 127.0.0.1 at 2010-08-03 21:32:27) [GET]
Redirected to http://localhost:3000/session/new
Filter chain halted as [:login_required] rendered_or_redirected.
Completed in 0ms (DB: 0) | 302 Found [http://localhost/session/new]


Processing SessionsController#new (for 127.0.0.1 at 2010-08-03 21:32:27) [GET]
Redirected to http://localhost:3000/session/new
Filter chain halted as [:login_required] rendered_or_redirected.
Completed in 0ms (DB: 0) | 302 Found [http://localhost/session/new]


Processing SessionsController#new (for 127.0.0.1 at 2010-08-03 21:32:27) [GET]
Redirected to http://localhost:3000/session/new
Filter chain halted as [:login_required] rendered_or_redirected.
Completed in 0ms (DB: 0) | 302 Found [http://localhost/session/new]


Processing SessionsController#new (for 127.0.0.1 at 2010-08-03 21:32:27) [GET]
Redirected to http://localhost:3000/session/new
Filter chain halted as [:login_required] rendered_or_redirected.
Completed in 16ms (DB: 0) | 302 Found [http://localhost/session/new]


Processing SessionsController#new (for 127.0.0.1 at 2010-08-03 21:32:27) [GET]
Redirected to http://localhost:3000/session/new
Filter chain halted as [:login_required] rendered_or_redirected.
Completed in 0ms (DB: 0) | 302 Found [http://localhost/session/new]


Processing SessionsController#new (for 127.0.0.1 at 2010-08-03 21:32:27) [GET]
Redirected to http://localhost:3000/session/new
Filter chain halted as [:login_required] rendered_or_redirected.
Completed in 0ms (DB: 0) | 302 Found [http://localhost/session/new]


Processing SessionsController#new (for 127.0.0.1 at 2010-08-03 21:32:27) [GET]
Redirected to http://localhost:3000/session/new
Filter chain halted as [:login_required] rendered_or_redirected.
Completed in 0ms (DB: 0) | 302 Found [http://localhost/session/new]


Processing SessionsController#new (for 127.0.0.1 at 2010-08-03 21:32:27) [GET]
Redirected to http://localhost:3000/session/new
Filter chain halted as [:login_required] rendered_or_redirected.
Completed in 140ms (DB: 0) | 302 Found [http://localhost/session/new]


Processing SessionsController#new (for 127.0.0.1 at 2010-08-03 21:32:27) [GET]
Redirected to http://localhost:3000/session/new
Filter chain halted as [:login_required] rendered_or_redirected.
Completed in 0ms (DB: 0) | 302 Found [http://localhost/session/new]


Processing SessionsController#new (for 127.0.0.1 at 2010-08-03 21:32:27) [GET]
Redirected to http://localhost:3000/session/new
Filter chain halted as [:login_required] rendered_or_redirected.
Completed in 0ms (DB: 0) | 302 Found [http://localhost/session/new]


Processing SessionsController#new (for 127.0.0.1 at 2010-08-03 21:32:27) [GET]
Redirected to http://localhost:3000/session/new
Filter chain halted as [:login_required] rendered_or_redirected.
Completed in 0ms (DB: 0) | 302 Found [http://localhost/session/new]


Processing SessionsController#new (for 127.0.0.1 at 2010-08-03 21:32:28) [GET]
Redirected to http://localhost:3000/session/new
Filter chain halted as [:login_required] rendered_or_redirected.
Completed in 0ms (DB: 0) | 302 Found [http://localhost/session/new]


Processing SessionsController#new (for 127.0.0.1 at 2010-08-03 21:32:28) [GET]
Redirected to http://localhost:3000/session/new
Filter chain halted as [:login_required] rendered_or_redirected.
Completed in 0ms (DB: 0) | 302 Found [http://localhost/session/new]


Processing SessionsController#new (for 127.0.0.1 at 2010-08-03 21:33:03) [GET]
Redirected to http://localhost:3000/session/new
Filter chain halted as [:login_required] rendered_or_redirected.
Completed in 0ms (DB: 0) | 302 Found [http://localhost/login]


Processing SessionsController#new (for 127.0.0.1 at 2010-08-03 21:33:03) [GET]
Redirected to http://localhost:3000/session/new
Filter chain halted as [:login_required] rendered_or_redirected.
Completed in 0ms (DB: 0) | 302 Found [http://localhost/session/new]


Processing SessionsController#new (for 127.0.0.1 at 2010-08-03 21:33:03) [GET]
Redirected to http://localhost:3000/session/new
Filter chain halted as [:login_required] rendered_or_redirected.
Completed in 0ms (DB: 0) | 302 Found [http://localhost/session/new]


Processing SessionsController#new (for 127.0.0.1 at 2010-08-03 21:33:03) [GET]
Redirected to http://localhost:3000/session/new
Filter chain halted as [:login_required] rendered_or_redirected.
Completed in 0ms (DB: 0) | 302 Found [http://localhost/session/new]


Processing SessionsController#new (for 127.0.0.1 at 2010-08-03 21:33:03) [GET]
Redirected to http://localhost:3000/session/new
Filter chain halted as [:login_required] rendered_or_redirected.
Completed in 0ms (DB: 0) | 302 Found [http://localhost/session/new]


Processing SessionsController#new (for 127.0.0.1 at 2010-08-03 21:33:03) [GET]
Redirected to http://localhost:3000/session/new
Filter chain halted as [:login_required] rendered_or_redirected.
Completed in 0ms (DB: 0) | 302 Found [http://localhost/session/new]


Processing SessionsController#new (for 127.0.0.1 at 2010-08-03 21:33:03) [GET]
Redirected to http://localhost:3000/session/new
Filter chain halted as [:login_required] rendered_or_redirected.
Completed in 15ms (DB: 0) | 302 Found [http://localhost/session/new]


Processing SessionsController#new (for 127.0.0.1 at 2010-08-03 21:33:03) [GET]
Redirected to http://localhost:3000/session/new
Filter chain halted as [:login_required] rendered_or_redirected.
Completed in 0ms (DB: 0) | 302 Found [http://localhost/session/new]


Processing SessionsController#new (for 127.0.0.1 at 2010-08-03 21:33:03) [GET]
Redirected to http://localhost:3000/session/new
Filter chain halted as [:login_required] rendered_or_redirected.
Completed in 0ms (DB: 0) | 302 Found [http://localhost/session/new]


Processing SessionsController#new (for 127.0.0.1 at 2010-08-03 21:33:03) [GET]
Redirected to http://localhost:3000/session/new
Filter chain halted as [:login_required] rendered_or_redirected.
Completed in 0ms (DB: 0) | 302 Found [http://localhost/session/new]


Processing SessionsController#new (for 127.0.0.1 at 2010-08-03 21:33:04) [GET]
Redirected to http://localhost:3000/session/new
Filter chain halted as [:login_required] rendered_or_redirected.
Completed in 0ms (DB: 0) | 302 Found [http://localhost/session/new]


Processing SessionsController#new (for 127.0.0.1 at 2010-08-03 21:33:04) [GET]
Redirected to http://localhost:3000/session/new
Filter chain halted as [:login_required] rendered_or_redirected.
Completed in 16ms (DB: 0) | 302 Found [http://localhost/session/new]


Processing SessionsController#new (for 127.0.0.1 at 2010-08-03 21:33:04) [GET]
Redirected to http://localhost:3000/session/new
Filter chain halted as [:login_required] rendered_or_redirected.
Completed in 0ms (DB: 0) | 302 Found [http://localhost/session/new]


Processing SessionsController#new (for 127.0.0.1 at 2010-08-03 21:33:04) [GET]
Redirected to http://localhost:3000/session/new
Filter chain halted as [:login_required] rendered_or_redirected.
Completed in 0ms (DB: 0) | 302 Found [http://localhost/session/new]


Processing SessionsController#new (for 127.0.0.1 at 2010-08-03 21:33:04) [GET]
Redirected to http://localhost:3000/session/new
Filter chain halted as [:login_required] rendered_or_redirected.
Completed in 0ms (DB: 0) | 302 Found [http://localhost/session/new]


Processing SessionsController#new (for 127.0.0.1 at 2010-08-03 21:33:04) [GET]
Redirected to http://localhost:3000/session/new
Filter chain halted as [:login_required] rendered_or_redirected.
Completed in 0ms (DB: 0) | 302 Found [http://localhost/session/new]


Processing SessionsController#new (for 127.0.0.1 at 2010-08-03 21:33:04) [GET]
Redirected to http://localhost:3000/session/new
Filter chain halted as [:login_required] rendered_or_redirected.
Completed in 16ms (DB: 0) | 302 Found [http://localhost/session/new]


Processing SessionsController#new (for 127.0.0.1 at 2010-08-03 21:33:04) [GET]
Redirected to http://localhost:3000/session/new
Filter chain halted as [:login_required] rendered_or_redirected.
Completed in 0ms (DB: 0) | 302 Found [http://localhost/session/new]


Processing SessionsController#new (for 127.0.0.1 at 2010-08-03 21:33:04) [GET]
Redirected to http://localhost:3000/session/new
Filter chain halted as [:login_required] rendered_or_redirected.
Completed in 0ms (DB: 0) | 302 Found [http://localhost/session/new]


Processing SessionsController#new (for 127.0.0.1 at 2010-08-03 21:33:04) [GET]
Redirected to http://localhost:3000/session/new
Filter chain halted as [:login_required] rendered_or_redirected.
Completed in 0ms (DB: 0) | 302 Found [http://localhost/session/new]


Processing SessionsController#new (for 127.0.0.1 at 2010-08-03 21:33:04) [GET]
Redirected to http://localhost:3000/session/new
Filter chain halted as [:login_required] rendered_or_redirected.
Completed in 16ms (DB: 0) | 302 Found [http://localhost/session/new]


Processing PagesController#home (for 127.0.0.1 at 2010-08-03 21:35:14) [GET]
Rendering template within layouts/application
Rendering pages/home
Rendered layouts/_stylesheets (15.0ms)
Rendered layouts/_header (250.0ms)
Rendered layouts/_footer (0.0ms)
Completed in 296ms (View: 296, DB: 0) | 200 OK [http://localhost/]


Processing ApplicationController#index (for 127.0.0.1 at 2010-08-03 21:35:15) [GET]

ActionController::RoutingError (No route matches "/images/logo.png" with {:method=>:get}):
  

Rendering rescues/layout (not_found)


Processing SessionsController#new (for 127.0.0.1 at 2010-08-03 21:36:04) [GET]
Redirected to http://localhost:3000/session/new
Filter chain halted as [:login_required] rendered_or_redirected.
Completed in 0ms (DB: 0) | 302 Found [http://localhost/login]


Processing SessionsController#new (for 127.0.0.1 at 2010-08-03 21:36:04) [GET]
Redirected to http://localhost:3000/session/new
Filter chain halted as [:login_required] rendered_or_redirected.
Completed in 0ms (DB: 0) | 302 Found [http://localhost/session/new]


Processing SessionsController#new (for 127.0.0.1 at 2010-08-03 21:36:04) [GET]
Redirected to http://localhost:3000/session/new
Filter chain halted as [:login_required] rendered_or_redirected.
Completed in 0ms (DB: 0) | 302 Found [http://localhost/session/new]


Processing SessionsController#new (for 127.0.0.1 at 2010-08-03 21:36:04) [GET]
Redirected to http://localhost:3000/session/new
Filter chain halted as [:login_required] rendered_or_redirected.
Completed in 0ms (DB: 0) | 302 Found [http://localhost/session/new]


Processing SessionsController#new (for 127.0.0.1 at 2010-08-03 21:36:04) [GET]
Redirected to http://localhost:3000/session/new
Filter chain halted as [:login_required] rendered_or_redirected.
Completed in 0ms (DB: 0) | 302 Found [http://localhost/session/new]


Processing SessionsController#new (for 127.0.0.1 at 2010-08-03 21:36:04) [GET]
Redirected to http://localhost:3000/session/new
Filter chain halted as [:login_required] rendered_or_redirected.
Completed in 0ms (DB: 0) | 302 Found [http://localhost/session/new]


Processing SessionsController#new (for 127.0.0.1 at 2010-08-03 21:36:04) [GET]
Redirected to http://localhost:3000/session/new
Filter chain halted as [:login_required] rendered_or_redirected.
Completed in 0ms (DB: 0) | 302 Found [http://localhost/session/new]


Processing SessionsController#new (for 127.0.0.1 at 2010-08-03 21:36:04) [GET]
Redirected to http://localhost:3000/session/new
Filter chain halted as [:login_required] rendered_or_redirected.
Completed in 16ms (DB: 0) | 302 Found [http://localhost/session/new]


Processing SessionsController#new (for 127.0.0.1 at 2010-08-03 21:36:04) [GET]
Redirected to http://localhost:3000/session/new
Filter chain halted as [:login_required] rendered_or_redirected.
Completed in 0ms (DB: 0) | 302 Found [http://localhost/session/new]


Processing SessionsController#new (for 127.0.0.1 at 2010-08-03 21:36:04) [GET]
Redirected to http://localhost:3000/session/new
Filter chain halted as [:login_required] rendered_or_redirected.
Completed in 0ms (DB: 0) | 302 Found [http://localhost/session/new]


Processing SessionsController#new (for 127.0.0.1 at 2010-08-03 21:36:04) [GET]
Redirected to http://localhost:3000/session/new
Filter chain halted as [:login_required] rendered_or_redirected.
Completed in 0ms (DB: 0) | 302 Found [http://localhost/session/new]


Processing SessionsController#new (for 127.0.0.1 at 2010-08-03 21:36:04) [GET]
Redirected to http://localhost:3000/session/new
Filter chain halted as [:login_required] rendered_or_redirected.
Completed in 0ms (DB: 0) | 302 Found [http://localhost/session/new]


Processing SessionsController#new (for 127.0.0.1 at 2010-08-03 21:36:04) [GET]
Redirected to http://localhost:3000/session/new
Filter chain halted as [:login_required] rendered_or_redirected.
Completed in 0ms (DB: 0) | 302 Found [http://localhost/session/new]


Processing SessionsController#new (for 127.0.0.1 at 2010-08-03 21:36:05) [GET]
Redirected to http://localhost:3000/session/new
Filter chain halted as [:login_required] rendered_or_redirected.
Completed in 0ms (DB: 0) | 302 Found [http://localhost/session/new]


Processing SessionsController#new (for 127.0.0.1 at 2010-08-03 21:36:05) [GET]
Redirected to http://localhost:3000/session/new
Filter chain halted as [:login_required] rendered_or_redirected.
Completed in 0ms (DB: 0) | 302 Found [http://localhost/session/new]


Processing SessionsController#new (for 127.0.0.1 at 2010-08-03 21:36:05) [GET]
Redirected to http://localhost:3000/session/new
Filter chain halted as [:login_required] rendered_or_redirected.
Completed in 0ms (DB: 0) | 302 Found [http://localhost/session/new]


Processing SessionsController#new (for 127.0.0.1 at 2010-08-03 21:36:05) [GET]
Redirected to http://localhost:3000/session/new
Filter chain halted as [:login_required] rendered_or_redirected.
Completed in 0ms (DB: 0) | 302 Found [http://localhost/session/new]


Processing SessionsController#new (for 127.0.0.1 at 2010-08-03 21:36:05) [GET]
Redirected to http://localhost:3000/session/new
Filter chain halted as [:login_required] rendered_or_redirected.
Completed in 15ms (DB: 0) | 302 Found [http://localhost/session/new]


Processing SessionsController#new (for 127.0.0.1 at 2010-08-03 21:36:05) [GET]
Redirected to http://localhost:3000/session/new
Filter chain halted as [:login_required] rendered_or_redirected.
Completed in 0ms (DB: 0) | 302 Found [http://localhost/session/new]


Processing SessionsController#new (for 127.0.0.1 at 2010-08-03 21:36:05) [GET]
Redirected to http://localhost:3000/session/new
Filter chain halted as [:login_required] rendered_or_redirected.
Completed in 0ms (DB: 0) | 302 Found [http://localhost/session/new]


Processing SessionsController#new (for 127.0.0.1 at 2010-08-03 21:36:05) [GET]
Redirected to http://localhost:3000/session/new
Filter chain halted as [:login_required] rendered_or_redirected.
Completed in 0ms (DB: 0) | 302 Found [http://localhost/session/new]


Processing SessionsController#new (for 127.0.0.1 at 2010-08-03 21:36:10) [GET]
Redirected to http://localhost:3000/session/new
Filter chain halted as [:login_required] rendered_or_redirected.
Completed in 0ms (DB: 0) | 302 Found [http://localhost/session/new]


Processing SessionsController#new (for 127.0.0.1 at 2010-08-03 21:36:10) [GET]
Redirected to http://localhost:3000/session/new
Filter chain halted as [:login_required] rendered_or_redirected.
Completed in 16ms (DB: 0) | 302 Found [http://localhost/session/new]


Processing SessionsController#new (for 127.0.0.1 at 2010-08-03 21:36:10) [GET]
Redirected to http://localhost:3000/session/new
Filter chain halted as [:login_required] rendered_or_redirected.
Completed in 15ms (DB: 0) | 302 Found [http://localhost/session/new]


Processing SessionsController#new (for 127.0.0.1 at 2010-08-03 21:36:10) [GET]
Redirected to http://localhost:3000/session/new
Filter chain halted as [:login_required] rendered_or_redirected.
Completed in 0ms (DB: 0) | 302 Found [http://localhost/session/new]


Processing SessionsController#new (for 127.0.0.1 at 2010-08-03 21:36:10) [GET]
Redirected to http://localhost:3000/session/new
Filter chain halted as [:login_required] rendered_or_redirected.
Completed in 0ms (DB: 0) | 302 Found [http://localhost/session/new]


Processing SessionsController#new (for 127.0.0.1 at 2010-08-03 21:36:10) [GET]
Redirected to http://localhost:3000/session/new
Filter chain halted as [:login_required] rendered_or_redirected.
Completed in 0ms (DB: 0) | 302 Found [http://localhost/session/new]


Processing SessionsController#new (for 127.0.0.1 at 2010-08-03 21:36:10) [GET]
Redirected to http://localhost:3000/session/new
Filter chain halted as [:login_required] rendered_or_redirected.
Completed in 0ms (DB: 0) | 302 Found [http://localhost/session/new]


Processing SessionsController#new (for 127.0.0.1 at 2010-08-03 21:36:10) [GET]
Redirected to http://localhost:3000/session/new
Filter chain halted as [:login_required] rendered_or_redirected.
Completed in 0ms (DB: 0) | 302 Found [http://localhost/session/new]


Processing SessionsController#new (for 127.0.0.1 at 2010-08-03 21:36:10) [GET]
Redirected to http://localhost:3000/session/new
Filter chain halted as [:login_required] rendered_or_redirected.
Completed in 16ms (DB: 0) | 302 Found [http://localhost/session/new]


Processing SessionsController#new (for 127.0.0.1 at 2010-08-03 21:36:10) [GET]
Redirected to http://localhost:3000/session/new
Filter chain halted as [:login_required] rendered_or_redirected.
Completed in 0ms (DB: 0) | 302 Found [http://localhost/session/new]


Processing SessionsController#new (for 127.0.0.1 at 2010-08-03 21:36:11) [GET]
Redirected to http://localhost:3000/session/new
Filter chain halted as [:login_required] rendered_or_redirected.
Completed in 0ms (DB: 0) | 302 Found [http://localhost/session/new]


Processing SessionsController#new (for 127.0.0.1 at 2010-08-03 21:36:11) [GET]
Redirected to http://localhost:3000/session/new
Filter chain halted as [:login_required] rendered_or_redirected.
Completed in 0ms (DB: 0) | 302 Found [http://localhost/session/new]


Processing SessionsController#new (for 127.0.0.1 at 2010-08-03 21:36:11) [GET]
Redirected to http://localhost:3000/session/new
Filter chain halted as [:login_required] rendered_or_redirected.
Completed in 0ms (DB: 0) | 302 Found [http://localhost/session/new]


Processing SessionsController#new (for 127.0.0.1 at 2010-08-03 21:36:11) [GET]
Redirected to http://localhost:3000/session/new
Filter chain halted as [:login_required] rendered_or_redirected.
Completed in 0ms (DB: 0) | 302 Found [http://localhost/session/new]


Processing SessionsController#new (for 127.0.0.1 at 2010-08-03 21:36:11) [GET]
Redirected to http://localhost:3000/session/new
Filter chain halted as [:login_required] rendered_or_redirected.
Completed in 0ms (DB: 0) | 302 Found [http://localhost/session/new]


Processing SessionsController#new (for 127.0.0.1 at 2010-08-03 21:36:11) [GET]
Redirected to http://localhost:3000/session/new
Filter chain halted as [:login_required] rendered_or_redirected.
Completed in 0ms (DB: 0) | 302 Found [http://localhost/session/new]


Processing SessionsController#new (for 127.0.0.1 at 2010-08-03 21:36:11) [GET]
Redirected to http://localhost:3000/session/new
Filter chain halted as [:login_required] rendered_or_redirected.
Completed in 0ms (DB: 0) | 302 Found [http://localhost/session/new]


Processing SessionsController#new (for 127.0.0.1 at 2010-08-03 21:36:11) [GET]
Redirected to http://localhost:3000/session/new
Filter chain halted as [:login_required] rendered_or_redirected.
Completed in 15ms (DB: 0) | 302 Found [http://localhost/session/new]


Processing SessionsController#new (for 127.0.0.1 at 2010-08-03 21:36:11) [GET]
Redirected to http://localhost:3000/session/new
Filter chain halted as [:login_required] rendered_or_redirected.
Completed in 15ms (DB: 0) | 302 Found [http://localhost/session/new]


Processing SessionsController#new (for 127.0.0.1 at 2010-08-03 21:36:11) [GET]
Redirected to http://localhost:3000/session/new
Filter chain halted as [:login_required] rendered_or_redirected.
Completed in 0ms (DB: 0) | 302 Found [http://localhost/session/new]


Processing SessionsController#new (for 127.0.0.1 at 2010-08-03 21:36:11) [GET]
Redirected to http://localhost:3000/session/new
Filter chain halted as [:login_required] rendered_or_redirected.
Completed in 0ms (DB: 0) | 302 Found [http://localhost/session/new]


Processing SessionsController#new (for 127.0.0.1 at 2010-08-03 21:39:49) [GET]
Redirected to http://localhost:3000/session/new
Filter chain halted as [:login_required] rendered_or_redirected.
Completed in 0ms (DB: 0) | 302 Found [http://localhost/session/new]


Processing SessionsController#new (for 127.0.0.1 at 2010-08-03 21:39:49) [GET]
Redirected to http://localhost:3000/session/new
Filter chain halted as [:login_required] rendered_or_redirected.
Completed in 0ms (DB: 0) | 302 Found [http://localhost/session/new]


Processing SessionsController#new (for 127.0.0.1 at 2010-08-03 21:39:49) [GET]
Redirected to http://localhost:3000/session/new
Filter chain halted as [:login_required] rendered_or_redirected.
Completed in 0ms (DB: 0) | 302 Found [http://localhost/session/new]


Processing SessionsController#new (for 127.0.0.1 at 2010-08-03 21:39:49) [GET]
Redirected to http://localhost:3000/session/new
Filter chain halted as [:login_required] rendered_or_redirected.
Completed in 109ms (DB: 0) | 302 Found [http://localhost/session/new]


Processing SessionsController#new (for 127.0.0.1 at 2010-08-03 21:39:49) [GET]
Redirected to http://localhost:3000/session/new
Filter chain halted as [:login_required] rendered_or_redirected.
Completed in 0ms (DB: 0) | 302 Found [http://localhost/session/new]


Processing SessionsController#new (for 127.0.0.1 at 2010-08-03 21:39:50) [GET]
Redirected to http://localhost:3000/session/new
Filter chain halted as [:login_required] rendered_or_redirected.
Completed in 0ms (DB: 0) | 302 Found [http://localhost/session/new]


Processing SessionsController#new (for 127.0.0.1 at 2010-08-03 21:39:50) [GET]
Redirected to http://localhost:3000/session/new
Filter chain halted as [:login_required] rendered_or_redirected.
Completed in 16ms (DB: 0) | 302 Found [http://localhost/session/new]


Processing SessionsController#new (for 127.0.0.1 at 2010-08-03 21:39:50) [GET]
Redirected to http://localhost:3000/session/new
Filter chain halted as [:login_required] rendered_or_redirected.
Completed in 0ms (DB: 0) | 302 Found [http://localhost/session/new]


Processing SessionsController#new (for 127.0.0.1 at 2010-08-03 21:39:50) [GET]
Redirected to http://localhost:3000/session/new
Filter chain halted as [:login_required] rendered_or_redirected.
Completed in 0ms (DB: 0) | 302 Found [http://localhost/session/new]


Processing SessionsController#new (for 127.0.0.1 at 2010-08-03 21:39:50) [GET]
Redirected to http://localhost:3000/session/new
Filter chain halted as [:login_required] rendered_or_redirected.
Completed in 0ms (DB: 0) | 302 Found [http://localhost/session/new]


Processing SessionsController#new (for 127.0.0.1 at 2010-08-03 21:39:50) [GET]
Redirected to http://localhost:3000/session/new
Filter chain halted as [:login_required] rendered_or_redirected.
Completed in 0ms (DB: 0) | 302 Found [http://localhost/session/new]


Processing SessionsController#new (for 127.0.0.1 at 2010-08-03 21:39:50) [GET]
Redirected to http://localhost:3000/session/new
Filter chain halted as [:login_required] rendered_or_redirected.
Completed in 0ms (DB: 0) | 302 Found [http://localhost/session/new]


Processing SessionsController#new (for 127.0.0.1 at 2010-08-03 21:39:50) [GET]
Redirected to http://localhost:3000/session/new
Filter chain halted as [:login_required] rendered_or_redirected.
Completed in 0ms (DB: 0) | 302 Found [http://localhost/session/new]


Processing SessionsController#new (for 127.0.0.1 at 2010-08-03 21:39:50) [GET]
Redirected to http://localhost:3000/session/new
Filter chain halted as [:login_required] rendered_or_redirected.
Completed in 0ms (DB: 0) | 302 Found [http://localhost/session/new]


Processing SessionsController#new (for 127.0.0.1 at 2010-08-03 21:39:50) [GET]
Redirected to http://localhost:3000/session/new
Filter chain halted as [:login_required] rendered_or_redirected.
Completed in 16ms (DB: 0) | 302 Found [http://localhost/session/new]


Processing SessionsController#new (for 127.0.0.1 at 2010-08-03 21:39:50) [GET]
Redirected to http://localhost:3000/session/new
Filter chain halted as [:login_required] rendered_or_redirected.
Completed in 0ms (DB: 0) | 302 Found [http://localhost/session/new]


Processing SessionsController#new (for 127.0.0.1 at 2010-08-03 21:39:50) [GET]
Redirected to http://localhost:3000/session/new
Filter chain halted as [:login_required] rendered_or_redirected.
Completed in 0ms (DB: 0) | 302 Found [http://localhost/session/new]


Processing SessionsController#new (for 127.0.0.1 at 2010-08-03 21:39:50) [GET]
Redirected to http://localhost:3000/session/new
Filter chain halted as [:login_required] rendered_or_redirected.
Completed in 0ms (DB: 0) | 302 Found [http://localhost/session/new]


Processing SessionsController#new (for 127.0.0.1 at 2010-08-03 21:39:51) [GET]
Redirected to http://localhost:3000/session/new
Filter chain halted as [:login_required] rendered_or_redirected.
Completed in 0ms (DB: 0) | 302 Found [http://localhost/session/new]


Processing SessionsController#new (for 127.0.0.1 at 2010-08-03 21:39:51) [GET]
Redirected to http://localhost:3000/session/new
Filter chain halted as [:login_required] rendered_or_redirected.
Completed in 0ms (DB: 0) | 302 Found [http://localhost/session/new]


Processing SessionsController#new (for 127.0.0.1 at 2010-08-03 21:39:51) [GET]
Redirected to http://localhost:3000/session/new
Filter chain halted as [:login_required] rendered_or_redirected.
Completed in 0ms (DB: 0) | 302 Found [http://localhost/session/new]


Processing SessionsController#new (for 127.0.0.1 at 2010-08-03 21:40:30) [GET]
Rendering template within layouts/application
Rendering sessions/new
Rendered layouts/_stylesheets (0.0ms)
Rendered layouts/_header (0.0ms)
Rendered layouts/_footer (0.0ms)
Completed in 312ms (View: 312, DB: 0) | 200 OK [http://localhost/session/new]


Processing ApplicationController#index (for 127.0.0.1 at 2010-08-03 21:40:30) [GET]

ActionController::RoutingError (No route matches "/images/logo.png" with {:method=>:get}):
  

Rendering rescues/layout (not_found)


Processing SessionsController#create (for 127.0.0.1 at 2010-08-03 21:40:38) [POST]
  Parameters: {"commit"=>"Log in", "authenticity_token"=>"yZ6Tca6iu1W8QMg7obep/5FLsJlouRvufWDEk40F1Zw=", "login"=>"test123", "password"=>"secret"}
  [4;36;1mUser Load (0.0ms)[0m   [0;1mSELECT * FROM "users" WHERE ("users"."login" = 'test123') LIMIT 1[0m
Redirected to http://localhost:3000/session/new
Completed in 110ms (DB: 0) | 302 Found [http://localhost/session]


Processing SessionsController#new (for 127.0.0.1 at 2010-08-03 21:40:38) [GET]
Rendering template within layouts/application
Rendering sessions/new
Rendered layouts/_stylesheets (0.0ms)
  [4;35;1mUser Load (0.0ms)[0m   [0mSELECT * FROM "users" WHERE ("users"."id" = 2) LIMIT 1[0m
Rendered layouts/_header (32.0ms)
Rendered layouts/_footer (0.0ms)
Completed in 47ms (View: 47, DB: 0) | 200 OK [http://localhost/session/new]


Processing ApplicationController#index (for 127.0.0.1 at 2010-08-03 21:40:39) [GET]

ActionController::RoutingError (No route matches "/images/logo.png" with {:method=>:get}):
  

Rendering rescues/layout (not_found)


Processing SessionsController#destroy (for 127.0.0.1 at 2010-08-03 21:40:41) [DELETE]
  Parameters: {"authenticity_token"=>"yZ6Tca6iu1W8QMg7obep/5FLsJlouRvufWDEk40F1Zw="}
Redirected to http://localhost:3000/
Completed in 31ms (DB: 0) | 302 Found [http://localhost/logout]


Processing PagesController#home (for 127.0.0.1 at 2010-08-03 21:40:41) [GET]
Rendering template within layouts/application
Rendering pages/home
Rendered layouts/_stylesheets (15.0ms)
Rendered layouts/_header (0.0ms)
Rendered layouts/_footer (0.0ms)
Completed in 31ms (View: 15, DB: 0) | 200 OK [http://localhost/]


Processing ApplicationController#index (for 127.0.0.1 at 2010-08-03 21:40:42) [GET]

ActionController::RoutingError (No route matches "/images/logo.png" with {:method=>:get}):
  

Rendering rescues/layout (not_found)


Processing SessionsController#new (for 127.0.0.1 at 2010-08-03 21:41:04) [GET]
Rendering template within layouts/application
Rendering sessions/new
Rendered layouts/_stylesheets (0.0ms)
Rendered layouts/_header (0.0ms)
Rendered layouts/_footer (0.0ms)
Completed in 16ms (View: 16, DB: 0) | 200 OK [http://localhost/login]


Processing ApplicationController#index (for 127.0.0.1 at 2010-08-03 21:41:04) [GET]

ActionController::RoutingError (No route matches "/images/logo.png" with {:method=>:get}):
  

Rendering rescues/layout (not_found)


Processing UsersController#new (for 127.0.0.1 at 2010-08-03 21:41:07) [GET]
Rendering template within layouts/application
Rendering users/new
Rendered layouts/_stylesheets (0.0ms)
Rendered layouts/_header (0.0ms)
Rendered layouts/_footer (0.0ms)
Completed in 47ms (View: 31, DB: 0) | 200 OK [http://localhost/signup]


Processing ApplicationController#index (for 127.0.0.1 at 2010-08-03 21:41:07) [GET]

ActionController::RoutingError (No route matches "/images/logo.png" with {:method=>:get}):
  

Rendering rescues/layout (not_found)


Processing UsersController#create (for 127.0.0.1 at 2010-08-03 21:41:29) [POST]
  Parameters: {"user"=>{"password_confirmation"=>"secret", "password"=>"secret", "login"=>"apples", "email"=>"apples@email.com"}, "commit"=>"Sign up", "authenticity_token"=>"6jS9q5p591pzmxy+6wYgLVHDPUNXbUge0RxJbPGCDnE="}
  [4;36;1mUser Load (0.0ms)[0m   [0;1mSELECT "users".id FROM "users" WHERE ("users"."login" = 'apples') LIMIT 1[0m
  [4;35;1mUser Load (0.0ms)[0m   [0mSELECT "users".id FROM "users" WHERE ("users"."email" = 'apples@email.com') LIMIT 1[0m
  [4;36;1mUser Create (0.0ms)[0m   [0;1mINSERT INTO "users" ("name", "salt", "updated_at", "crypted_password", "remember_token_expires_at", "remember_token", "login", "email", "created_at") VALUES('', '9b077e37654301186d3c237f083b3f13f12f2fcb', '2010-08-04 03:41:29', 'd894adc21465c79c6f7622e1940452ebf19aa48f', NULL, NULL, 'apples', 'apples@email.com', '2010-08-04 03:41:29')[0m
Redirected to http://localhost:3000/
Completed in 172ms (DB: 0) | 302 Found [http://localhost/users]


Processing PagesController#home (for 127.0.0.1 at 2010-08-03 21:41:29) [GET]
Rendering template within layouts/application
Rendering pages/home
Rendered layouts/_stylesheets (0.0ms)
  [4;35;1mUser Load (0.0ms)[0m   [0mSELECT * FROM "users" WHERE ("users"."id" = 4) LIMIT 1[0m
Rendered layouts/_header (62.0ms)
Rendered layouts/_footer (0.0ms)
Completed in 94ms (View: 78, DB: 0) | 200 OK [http://localhost/]


Processing ApplicationController#index (for 127.0.0.1 at 2010-08-03 21:41:30) [GET]

ActionController::RoutingError (No route matches "/images/logo.png" with {:method=>:get}):
  

Rendering rescues/layout (not_found)


Processing PagesController#home (for 127.0.0.1 at 2010-08-03 21:44:58) [GET]
Rendering template within layouts/application
Rendering pages/home
Rendered layouts/_stylesheets (0.0ms)
  [4;36;1mUser Load (0.0ms)[0m   [0;1mSELECT * FROM "users" WHERE ("users"."id" = 4) LIMIT 1[0m
Rendered layouts/_header (187.0ms)
Rendered layouts/_footer (0.0ms)
Completed in 250ms (View: 250, DB: 0) | 200 OK [http://localhost/]


Processing ApplicationController#index (for 127.0.0.1 at 2010-08-03 21:44:59) [GET]

ActionController::RoutingError (No route matches "/images/logo.png" with {:method=>:get}):
  

Rendering rescues/layout (not_found)


Processing PagesController#home (for 127.0.0.1 at 2010-08-03 21:45:03) [GET]
Rendering template within layouts/application
Rendering pages/home
Rendered layouts/_stylesheets (0.0ms)
  [4;35;1mUser Load (0.0ms)[0m   [0mSELECT * FROM "users" WHERE ("users"."id" = 4) LIMIT 1[0m
Rendered layouts/_header (47.0ms)
Rendered layouts/_footer (0.0ms)
Completed in 62ms (View: 62, DB: 0) | 200 OK [http://localhost/]


Processing ApplicationController#index (for 127.0.0.1 at 2010-08-03 21:45:03) [GET]

ActionController::RoutingError (No route matches "/images/logo.png" with {:method=>:get}):
  

Rendering rescues/layout (not_found)


Processing PagesController#home (for 127.0.0.1 at 2010-08-03 21:45:54) [GET]
Rendering template within layouts/application
Rendering pages/home
Rendered layouts/_stylesheets (0.0ms)
  [4;36;1mUser Load (0.0ms)[0m   [0;1mSELECT * FROM "users" WHERE ("users"."id" = 4) LIMIT 1[0m
Rendered layouts/_header (31.0ms)
Rendered layouts/_footer (0.0ms)
Completed in 125ms (View: 125, DB: 0) | 200 OK [http://localhost/]


Processing ApplicationController#index (for 127.0.0.1 at 2010-08-03 21:45:55) [GET]

ActionController::RoutingError (No route matches "/images/logo.png" with {:method=>:get}):
  

Rendering rescues/layout (not_found)


Processing PagesController#home (for 127.0.0.1 at 2010-08-03 21:46:15) [GET]
Rendering template within layouts/application
Rendering pages/home
Rendered layouts/_stylesheets (0.0ms)
  [4;35;1mUser Load (0.0ms)[0m   [0mSELECT * FROM "users" WHERE ("users"."id" = 4) LIMIT 1[0m
Rendered layouts/_header (156.0ms)
Rendered layouts/_footer (0.0ms)
Completed in 171ms (View: 171, DB: 0) | 200 OK [http://localhost/]


Processing ApplicationController#index (for 127.0.0.1 at 2010-08-03 21:46:15) [GET]

ActionController::RoutingError (No route matches "/images/logo.png" with {:method=>:get}):
  

Rendering rescues/layout (not_found)


Processing PagesController#home (for 127.0.0.1 at 2010-08-03 21:46:30) [GET]
Rendering template within layouts/application
Rendering pages/home
Rendered layouts/_stylesheets (0.0ms)
  [4;36;1mUser Load (0.0ms)[0m   [0;1mSELECT * FROM "users" WHERE ("users"."id" = 4) LIMIT 1[0m
Rendered layouts/_header (31.0ms)
Rendered layouts/_footer (0.0ms)
Completed in 62ms (View: 62, DB: 0) | 200 OK [http://localhost/]


Processing ApplicationController#index (for 127.0.0.1 at 2010-08-03 21:46:30) [GET]

ActionController::RoutingError (No route matches "/images/logo.png" with {:method=>:get}):
  

Rendering rescues/layout (not_found)


Processing PagesController#home (for 127.0.0.1 at 2010-08-03 21:47:13) [GET]
Rendering template within layouts/application
Rendering pages/home
Rendered layouts/_stylesheets (0.0ms)
  [4;35;1mUser Load (0.0ms)[0m   [0mSELECT * FROM "users" WHERE ("users"."id" = 4) LIMIT 1[0m
Rendered layouts/_header (31.0ms)
Rendered layouts/_footer (0.0ms)
Completed in 62ms (View: 62, DB: 0) | 200 OK [http://localhost/]


Processing ApplicationController#index (for 127.0.0.1 at 2010-08-03 21:47:14) [GET]

ActionController::RoutingError (No route matches "/images/logo.png" with {:method=>:get}):
  

Rendering rescues/layout (not_found)


Processing PagesController#about (for 127.0.0.1 at 2010-08-03 21:47:27) [GET]
Rendering template within layouts/application
Rendering pages/about
Rendered layouts/_stylesheets (0.0ms)
  [4;36;1mUser Load (0.0ms)[0m   [0;1mSELECT * FROM "users" WHERE ("users"."id" = 4) LIMIT 1[0m
Rendered layouts/_header (47.0ms)
Rendered layouts/_footer (16.0ms)
Completed in 125ms (View: 110, DB: 0) | 200 OK [http://localhost/about]


Processing ApplicationController#index (for 127.0.0.1 at 2010-08-03 21:47:27) [GET]

ActionController::RoutingError (No route matches "/images/logo.png" with {:method=>:get}):
  

Rendering rescues/layout (not_found)


Processing PagesController#contact (for 127.0.0.1 at 2010-08-03 21:47:28) [GET]
Rendering template within layouts/application
Rendering pages/contact
Rendered layouts/_stylesheets (0.0ms)
  [4;35;1mUser Load (0.0ms)[0m   [0mSELECT * FROM "users" WHERE ("users"."id" = 4) LIMIT 1[0m
Rendered layouts/_header (32.0ms)
Rendered layouts/_footer (0.0ms)
Completed in 47ms (View: 47, DB: 0) | 200 OK [http://localhost/contact]


Processing ApplicationController#index (for 127.0.0.1 at 2010-08-03 21:47:28) [GET]

ActionController::RoutingError (No route matches "/images/logo.png" with {:method=>:get}):
  

Rendering rescues/layout (not_found)


Processing PagesController#home (for 127.0.0.1 at 2010-08-03 21:47:50) [GET]
Rendering template within layouts/application
Rendering pages/home
Rendered layouts/_stylesheets (0.0ms)
  [4;36;1mUser Load (0.0ms)[0m   [0;1mSELECT * FROM "users" WHERE ("users"."id" = 4) LIMIT 1[0m
Rendered layouts/_header (32.0ms)
Rendered layouts/_footer (0.0ms)
Completed in 47ms (View: 47, DB: 0) | 200 OK [http://localhost/]


Processing ApplicationController#index (for 127.0.0.1 at 2010-08-03 21:47:50) [GET]

ActionController::RoutingError (No route matches "/images/logo.png" with {:method=>:get}):
  

Rendering rescues/layout (not_found)


Processing PagesController#help (for 127.0.0.1 at 2010-08-03 21:47:53) [GET]
Rendering template within layouts/application
Rendering pages/help
Rendered layouts/_stylesheets (0.0ms)
  [4;35;1mUser Load (0.0ms)[0m   [0mSELECT * FROM "users" WHERE ("users"."id" = 4) LIMIT 1[0m
Rendered layouts/_header (31.0ms)
Rendered layouts/_footer (0.0ms)
Completed in 47ms (View: 47, DB: 0) | 200 OK [http://localhost/help]


Processing ApplicationController#index (for 127.0.0.1 at 2010-08-03 21:47:53) [GET]

ActionController::RoutingError (No route matches "/images/logo.png" with {:method=>:get}):
  

Rendering rescues/layout (not_found)


Processing PagesController#home (for 127.0.0.1 at 2010-08-03 21:47:54) [GET]
Rendering template within layouts/application
Rendering pages/home
Rendered layouts/_stylesheets (0.0ms)
  [4;36;1mUser Load (0.0ms)[0m   [0;1mSELECT * FROM "users" WHERE ("users"."id" = 4) LIMIT 1[0m
Rendered layouts/_header (31.0ms)
Rendered layouts/_footer (16.0ms)
Completed in 63ms (View: 63, DB: 0) | 200 OK [http://localhost/]


Processing ApplicationController#index (for 127.0.0.1 at 2010-08-03 21:47:54) [GET]

ActionController::RoutingError (No route matches "/images/logo.png" with {:method=>:get}):
  

Rendering rescues/layout (not_found)


Processing SessionsController#destroy (for 127.0.0.1 at 2010-08-03 21:47:55) [DELETE]
  Parameters: {"authenticity_token"=>"6jS9q5p591pzmxy+6wYgLVHDPUNXbUge0RxJbPGCDnE="}
Redirected to http://localhost:3000/
Completed in 47ms (DB: 0) | 302 Found [http://localhost/logout]


Processing PagesController#home (for 127.0.0.1 at 2010-08-03 21:47:56) [GET]
Rendering template within layouts/application
Rendering pages/home
Rendered layouts/_stylesheets (0.0ms)
Rendered layouts/_header (0.0ms)
Rendered layouts/_footer (0.0ms)
Completed in 15ms (View: 15, DB: 0) | 200 OK [http://localhost/]


Processing ApplicationController#index (for 127.0.0.1 at 2010-08-03 21:47:56) [GET]

ActionController::RoutingError (No route matches "/images/logo.png" with {:method=>:get}):
  

Rendering rescues/layout (not_found)


Processing PagesController#home (for 127.0.0.1 at 2010-08-03 21:47:59) [GET]
Rendering template within layouts/application
Rendering pages/home
Rendered layouts/_stylesheets (0.0ms)
Rendered layouts/_header (0.0ms)
Rendered layouts/_footer (0.0ms)
Completed in 16ms (View: 0, DB: 0) | 200 OK [http://localhost/]


Processing ApplicationController#index (for 127.0.0.1 at 2010-08-03 21:47:59) [GET]

ActionController::RoutingError (No route matches "/images/logo.png" with {:method=>:get}):
  

Rendering rescues/layout (not_found)


Processing UsersController#new (for 127.0.0.1 at 2010-08-03 21:48:13) [GET]
Rendering template within layouts/application
Rendering users/new
Rendered layouts/_stylesheets (0.0ms)
Rendered layouts/_header (0.0ms)
Rendered layouts/_footer (0.0ms)
Completed in 63ms (View: 31, DB: 0) | 200 OK [http://localhost/signup]


Processing ApplicationController#index (for 127.0.0.1 at 2010-08-03 21:48:13) [GET]

ActionController::RoutingError (No route matches "/images/logo.png" with {:method=>:get}):
  

Rendering rescues/layout (not_found)


Processing UsersController#create (for 127.0.0.1 at 2010-08-03 21:48:23) [POST]
  Parameters: {"user"=>{"password_confirmation"=>"secret", "password"=>"secret", "login"=>"ash", "email"=>"ash123@email.com"}, "commit"=>"Sign up", "authenticity_token"=>"PAxED6zg+Un+WA/Bhd6Ey2E+/2339f/u6gxVzeLAa8A="}
  [4;35;1mUser Load (0.0ms)[0m   [0mSELECT "users".id FROM "users" WHERE ("users"."login" = 'ash') LIMIT 1[0m
  [4;36;1mUser Load (0.0ms)[0m   [0;1mSELECT "users".id FROM "users" WHERE ("users"."email" = 'ash123@email.com') LIMIT 1[0m
  [4;35;1mUser Create (0.0ms)[0m   [0mINSERT INTO "users" ("name", "salt", "updated_at", "crypted_password", "remember_token_expires_at", "remember_token", "login", "email", "created_at") VALUES('', '6b1df9881d5f4e8644be781065391d258cecc96d', '2010-08-04 03:48:23', '4774f14ba455241708ae6672e842e9ac568d3dea', NULL, NULL, 'ash', 'ash123@email.com', '2010-08-04 03:48:23')[0m
Redirected to http://localhost:3000/
Completed in 172ms (DB: 0) | 302 Found [http://localhost/users]


Processing PagesController#home (for 127.0.0.1 at 2010-08-03 21:48:23) [GET]
Rendering template within layouts/application
Rendering pages/home
Rendered layouts/_stylesheets (0.0ms)
  [4;36;1mUser Load (0.0ms)[0m   [0;1mSELECT * FROM "users" WHERE ("users"."id" = 5) LIMIT 1[0m
Rendered layouts/_header (78.0ms)
Rendered layouts/_footer (0.0ms)
Completed in 78ms (View: 78, DB: 0) | 200 OK [http://localhost/]


Processing ApplicationController#index (for 127.0.0.1 at 2010-08-03 21:48:24) [GET]

ActionController::RoutingError (No route matches "/images/logo.png" with {:method=>:get}):
  

Rendering rescues/layout (not_found)


Processing PagesController#home (for 127.0.0.1 at 2010-08-03 21:57:08) [GET]
Rendering template within layouts/application
Rendering pages/home
Rendered layouts/_stylesheets (0.0ms)
  [4;35;1mUser Load (0.0ms)[0m   [0mSELECT * FROM "users" WHERE ("users"."id" = 5) LIMIT 1[0m
Rendered layouts/_header (63.0ms)
Rendered layouts/_footer (0.0ms)
Completed in 79ms (View: 79, DB: 0) | 200 OK [http://localhost/]


Processing ApplicationController#index (for 127.0.0.1 at 2010-08-03 21:57:09) [GET]

ActionController::RoutingError (No route matches "/images/logo.png" with {:method=>:get}):
  

Rendering rescues/layout (not_found)


Processing PagesController#contact (for 127.0.0.1 at 2010-08-03 21:59:20) [GET]
Rendering template within layouts/application
Rendering pages/contact
Rendered layouts/_stylesheets (0.0ms)
  [4;36;1mUser Load (0.0ms)[0m   [0;1mSELECT * FROM "users" WHERE ("users"."id" = 5) LIMIT 1[0m
Rendered layouts/_header (32.0ms)
Rendered layouts/_footer (0.0ms)
Completed in 47ms (View: 47, DB: 0) | 200 OK [http://localhost/contact]


Processing ApplicationController#index (for 127.0.0.1 at 2010-08-03 21:59:20) [GET]

ActionController::RoutingError (No route matches "/images/logo.png" with {:method=>:get}):
  

Rendering rescues/layout (not_found)


Processing PagesController#about (for 127.0.0.1 at 2010-08-03 21:59:21) [GET]
Rendering template within layouts/application
Rendering pages/about
Rendered layouts/_stylesheets (0.0ms)
  [4;35;1mUser Load (0.0ms)[0m   [0mSELECT * FROM "users" WHERE ("users"."id" = 5) LIMIT 1[0m
Rendered layouts/_header (31.0ms)
Rendered layouts/_footer (0.0ms)
Completed in 47ms (View: 47, DB: 0) | 200 OK [http://localhost/about]


Processing ApplicationController#index (for 127.0.0.1 at 2010-08-03 21:59:21) [GET]

ActionController::RoutingError (No route matches "/images/logo.png" with {:method=>:get}):
  

Rendering rescues/layout (not_found)


Processing PagesController#home (for 127.0.0.1 at 2010-08-03 21:59:25) [GET]
Rendering template within layouts/application
Rendering pages/home
Rendered layouts/_stylesheets (0.0ms)
  [4;36;1mUser Load (0.0ms)[0m   [0;1mSELECT * FROM "users" WHERE ("users"."id" = 5) LIMIT 1[0m
Rendered layouts/_header (31.0ms)
Rendered layouts/_footer (0.0ms)
Completed in 47ms (View: 47, DB: 0) | 200 OK [http://localhost/]


Processing ApplicationController#index (for 127.0.0.1 at 2010-08-03 21:59:25) [GET]

ActionController::RoutingError (No route matches "/images/logo.png" with {:method=>:get}):
  

Rendering rescues/layout (not_found)


Processing PagesController#help (for 127.0.0.1 at 2010-08-03 21:59:27) [GET]
Rendering template within layouts/application
Rendering pages/help
Rendered layouts/_stylesheets (0.0ms)
  [4;35;1mUser Load (0.0ms)[0m   [0mSELECT * FROM "users" WHERE ("users"."id" = 5) LIMIT 1[0m
Rendered layouts/_header (94.0ms)
Rendered layouts/_footer (0.0ms)
Completed in 109ms (View: 109, DB: 0) | 200 OK [http://localhost/help]


Processing ApplicationController#index (for 127.0.0.1 at 2010-08-03 21:59:27) [GET]

ActionController::RoutingError (No route matches "/images/logo.png" with {:method=>:get}):
  

Rendering rescues/layout (not_found)
