

Processing PagesController#home (for 127.0.0.1 at 2010-08-13 21:49:29) [GET]
  Parameters: {"action"=>"home", "controller"=>"pages"}
Rendering template within layouts/pages
Rendering pages/home

ActionView::TemplateError (Could not find table 'users') on line #6 of app/views/layouts/_header.html.erb:
3:   	<%= link_to logo, root_path %>
4:   </div>
5:   <div class="span-12 last">
6: 	<% if logged_in? %>
7: 	<div class="link-bar">
8: 		<%= link_to "Home", root_path %>
9: 		<% if admin? %>

    lib/authenticated_system.rb:117:in `login_from_session'
    lib/authenticated_system.rb:16:in `current_user'
    lib/authenticated_system.rb:6:in `logged_in?'
    (eval):2:in `send'
    (eval):2:in `logged_in?'
    app/views/layouts/_header.html.erb:6
    app/views/layouts/application.html.erb:11
    app/views/layouts/pages.html.erb:32
    c:/Ruby186/lib/ruby/1.8/webrick/httpserver.rb:104:in `service'
    c:/Ruby186/lib/ruby/1.8/webrick/httpserver.rb:65:in `run'
    c:/Ruby186/lib/ruby/1.8/webrick/server.rb:173:in `start_thread'
    c:/Ruby186/lib/ruby/1.8/webrick/server.rb:162:in `start'
    c:/Ruby186/lib/ruby/1.8/webrick/server.rb:162:in `start_thread'
    c:/Ruby186/lib/ruby/1.8/webrick/server.rb:95:in `start'
    c:/Ruby186/lib/ruby/1.8/webrick/server.rb:92:in `each'
    c:/Ruby186/lib/ruby/1.8/webrick/server.rb:92:in `start'
    c:/Ruby186/lib/ruby/1.8/webrick/server.rb:23:in `start'
    c:/Ruby186/lib/ruby/1.8/webrick/server.rb:82:in `start'

Rendering rescues/layout (internal_server_error)


Processing PagesController#home (for 127.0.0.1 at 2010-08-13 21:49:35) [GET]
  Parameters: {"action"=>"home", "controller"=>"pages"}
Rendering template within layouts/pages
Rendering pages/home

ActionView::TemplateError (Could not find table 'users') on line #6 of app/views/layouts/_header.html.erb:
3:   	<%= link_to logo, root_path %>
4:   </div>
5:   <div class="span-12 last">
6: 	<% if logged_in? %>
7: 	<div class="link-bar">
8: 		<%= link_to "Home", root_path %>
9: 		<% if admin? %>

    lib/authenticated_system.rb:117:in `login_from_session'
    lib/authenticated_system.rb:16:in `current_user'
    lib/authenticated_system.rb:6:in `logged_in?'
    (eval):2:in `send'
    (eval):2:in `logged_in?'
    app/views/layouts/_header.html.erb:6
    app/views/layouts/application.html.erb:11
    app/views/layouts/pages.html.erb:32
    c:/Ruby186/lib/ruby/1.8/webrick/httpserver.rb:104:in `service'
    c:/Ruby186/lib/ruby/1.8/webrick/httpserver.rb:65:in `run'
    c:/Ruby186/lib/ruby/1.8/webrick/server.rb:173:in `start_thread'
    c:/Ruby186/lib/ruby/1.8/webrick/server.rb:162:in `start'
    c:/Ruby186/lib/ruby/1.8/webrick/server.rb:162:in `start_thread'
    c:/Ruby186/lib/ruby/1.8/webrick/server.rb:95:in `start'
    c:/Ruby186/lib/ruby/1.8/webrick/server.rb:92:in `each'
    c:/Ruby186/lib/ruby/1.8/webrick/server.rb:92:in `start'
    c:/Ruby186/lib/ruby/1.8/webrick/server.rb:23:in `start'
    c:/Ruby186/lib/ruby/1.8/webrick/server.rb:82:in `start'

Rendering rescues/layout (internal_server_error)


Processing PagesController#home (for 127.0.0.1 at 2010-08-13 21:53:20) [GET]
  Parameters: {"action"=>"home", "controller"=>"pages"}
Rendering template within layouts/pages
Rendering pages/home
Completed in 31ms (View: 31, DB: 0) | 200 OK [http://localhost/]


Processing ApplicationController#index (for 127.0.0.1 at 2010-08-13 21:53:20) [GET]

ActionController::RoutingError (No route matches "/images/logo.png" with {:method=>:get}):
  c:/Ruby186/lib/ruby/1.8/webrick/httpserver.rb:104:in `service'
  c:/Ruby186/lib/ruby/1.8/webrick/httpserver.rb:65:in `run'
  c:/Ruby186/lib/ruby/1.8/webrick/server.rb:173:in `start_thread'
  c:/Ruby186/lib/ruby/1.8/webrick/server.rb:162:in `start'
  c:/Ruby186/lib/ruby/1.8/webrick/server.rb:162:in `start_thread'
  c:/Ruby186/lib/ruby/1.8/webrick/server.rb:95:in `start'
  c:/Ruby186/lib/ruby/1.8/webrick/server.rb:92:in `each'
  c:/Ruby186/lib/ruby/1.8/webrick/server.rb:92:in `start'
  c:/Ruby186/lib/ruby/1.8/webrick/server.rb:23:in `start'
  c:/Ruby186/lib/ruby/1.8/webrick/server.rb:82:in `start'

Rendering rescues/layout (not_found)


Processing PagesController#contact (for 127.0.0.1 at 2010-08-13 21:53:29) [GET]
  Parameters: {"action"=>"contact", "controller"=>"pages"}
Rendering template within layouts/pages
Rendering pages/contact
Completed in 16ms (View: 16, DB: 0) | 200 OK [http://localhost/contact]


Processing ApplicationController#index (for 127.0.0.1 at 2010-08-13 21:53:29) [GET]

ActionController::RoutingError (No route matches "/images/logo.png" with {:method=>:get}):
  c:/Ruby186/lib/ruby/1.8/webrick/httpserver.rb:104:in `service'
  c:/Ruby186/lib/ruby/1.8/webrick/httpserver.rb:65:in `run'
  c:/Ruby186/lib/ruby/1.8/webrick/server.rb:173:in `start_thread'
  c:/Ruby186/lib/ruby/1.8/webrick/server.rb:162:in `start'
  c:/Ruby186/lib/ruby/1.8/webrick/server.rb:162:in `start_thread'
  c:/Ruby186/lib/ruby/1.8/webrick/server.rb:95:in `start'
  c:/Ruby186/lib/ruby/1.8/webrick/server.rb:92:in `each'
  c:/Ruby186/lib/ruby/1.8/webrick/server.rb:92:in `start'
  c:/Ruby186/lib/ruby/1.8/webrick/server.rb:23:in `start'
  c:/Ruby186/lib/ruby/1.8/webrick/server.rb:82:in `start'

Rendering rescues/layout (not_found)


Processing PagesController#about (for 127.0.0.1 at 2010-08-13 21:53:30) [GET]
  Parameters: {"action"=>"about", "controller"=>"pages"}
Rendering template within layouts/pages
Rendering pages/about
Completed in 16ms (View: 0, DB: 0) | 200 OK [http://localhost/about]


Processing ApplicationController#index (for 127.0.0.1 at 2010-08-13 21:53:30) [GET]

ActionController::RoutingError (No route matches "/images/logo.png" with {:method=>:get}):
  c:/Ruby186/lib/ruby/1.8/webrick/httpserver.rb:104:in `service'
  c:/Ruby186/lib/ruby/1.8/webrick/httpserver.rb:65:in `run'
  c:/Ruby186/lib/ruby/1.8/webrick/server.rb:173:in `start_thread'
  c:/Ruby186/lib/ruby/1.8/webrick/server.rb:162:in `start'
  c:/Ruby186/lib/ruby/1.8/webrick/server.rb:162:in `start_thread'
  c:/Ruby186/lib/ruby/1.8/webrick/server.rb:95:in `start'
  c:/Ruby186/lib/ruby/1.8/webrick/server.rb:92:in `each'
  c:/Ruby186/lib/ruby/1.8/webrick/server.rb:92:in `start'
  c:/Ruby186/lib/ruby/1.8/webrick/server.rb:23:in `start'
  c:/Ruby186/lib/ruby/1.8/webrick/server.rb:82:in `start'

Rendering rescues/layout (not_found)


Processing PagesController#services (for 127.0.0.1 at 2010-08-13 21:53:30) [GET]
  Parameters: {"action"=>"services", "controller"=>"pages"}
Rendering template within layouts/pages
Rendering pages/services
Completed in 16ms (View: 16, DB: 0) | 200 OK [http://localhost/services_list]


Processing ApplicationController#index (for 127.0.0.1 at 2010-08-13 21:53:30) [GET]

ActionController::RoutingError (No route matches "/images/logo.png" with {:method=>:get}):
  c:/Ruby186/lib/ruby/1.8/webrick/httpserver.rb:104:in `service'
  c:/Ruby186/lib/ruby/1.8/webrick/httpserver.rb:65:in `run'
  c:/Ruby186/lib/ruby/1.8/webrick/server.rb:173:in `start_thread'
  c:/Ruby186/lib/ruby/1.8/webrick/server.rb:162:in `start'
  c:/Ruby186/lib/ruby/1.8/webrick/server.rb:162:in `start_thread'
  c:/Ruby186/lib/ruby/1.8/webrick/server.rb:95:in `start'
  c:/Ruby186/lib/ruby/1.8/webrick/server.rb:92:in `each'
  c:/Ruby186/lib/ruby/1.8/webrick/server.rb:92:in `start'
  c:/Ruby186/lib/ruby/1.8/webrick/server.rb:23:in `start'
  c:/Ruby186/lib/ruby/1.8/webrick/server.rb:82:in `start'

Rendering rescues/layout (not_found)


Processing PagesController#home (for 127.0.0.1 at 2010-08-13 21:53:31) [GET]
  Parameters: {"action"=>"home", "controller"=>"pages"}
Rendering template within layouts/pages
Rendering pages/home
Completed in 16ms (View: 16, DB: 0) | 200 OK [http://localhost/]


Processing ApplicationController#index (for 127.0.0.1 at 2010-08-13 21:53:31) [GET]

ActionController::RoutingError (No route matches "/images/logo.png" with {:method=>:get}):
  c:/Ruby186/lib/ruby/1.8/webrick/httpserver.rb:104:in `service'
  c:/Ruby186/lib/ruby/1.8/webrick/httpserver.rb:65:in `run'
  c:/Ruby186/lib/ruby/1.8/webrick/server.rb:173:in `start_thread'
  c:/Ruby186/lib/ruby/1.8/webrick/server.rb:162:in `start'
  c:/Ruby186/lib/ruby/1.8/webrick/server.rb:162:in `start_thread'
  c:/Ruby186/lib/ruby/1.8/webrick/server.rb:95:in `start'
  c:/Ruby186/lib/ruby/1.8/webrick/server.rb:92:in `each'
  c:/Ruby186/lib/ruby/1.8/webrick/server.rb:92:in `start'
  c:/Ruby186/lib/ruby/1.8/webrick/server.rb:23:in `start'
  c:/Ruby186/lib/ruby/1.8/webrick/server.rb:82:in `start'

Rendering rescues/layout (not_found)


Processing PagesController#home (for 127.0.0.1 at 2010-08-13 21:54:34) [GET]
  Parameters: {"action"=>"home", "controller"=>"pages"}
Rendering template within layouts/pages
Rendering pages/home
Completed in 16ms (View: 16, DB: 0) | 200 OK [http://localhost/]


Processing ApplicationController#index (for 127.0.0.1 at 2010-08-13 21:54:35) [GET]

ActionController::RoutingError (No route matches "/images/logo.png" with {:method=>:get}):
  c:/Ruby186/lib/ruby/1.8/webrick/httpserver.rb:104:in `service'
  c:/Ruby186/lib/ruby/1.8/webrick/httpserver.rb:65:in `run'
  c:/Ruby186/lib/ruby/1.8/webrick/server.rb:173:in `start_thread'
  c:/Ruby186/lib/ruby/1.8/webrick/server.rb:162:in `start'
  c:/Ruby186/lib/ruby/1.8/webrick/server.rb:162:in `start_thread'
  c:/Ruby186/lib/ruby/1.8/webrick/server.rb:95:in `start'
  c:/Ruby186/lib/ruby/1.8/webrick/server.rb:92:in `each'
  c:/Ruby186/lib/ruby/1.8/webrick/server.rb:92:in `start'
  c:/Ruby186/lib/ruby/1.8/webrick/server.rb:23:in `start'
  c:/Ruby186/lib/ruby/1.8/webrick/server.rb:82:in `start'

Rendering rescues/layout (not_found)


Processing PagesController#home (for 127.0.0.1 at 2010-08-13 21:54:40) [GET]
  Parameters: {"action"=>"home", "controller"=>"pages"}
Rendering template within layouts/pages
Rendering pages/home
Completed in 16ms (View: 0, DB: 0) | 200 OK [http://localhost/]


Processing ApplicationController#index (for 127.0.0.1 at 2010-08-13 21:54:41) [GET]

ActionController::RoutingError (No route matches "/images/logo.png" with {:method=>:get}):
  c:/Ruby186/lib/ruby/1.8/webrick/httpserver.rb:104:in `service'
  c:/Ruby186/lib/ruby/1.8/webrick/httpserver.rb:65:in `run'
  c:/Ruby186/lib/ruby/1.8/webrick/server.rb:173:in `start_thread'
  c:/Ruby186/lib/ruby/1.8/webrick/server.rb:162:in `start'
  c:/Ruby186/lib/ruby/1.8/webrick/server.rb:162:in `start_thread'
  c:/Ruby186/lib/ruby/1.8/webrick/server.rb:95:in `start'
  c:/Ruby186/lib/ruby/1.8/webrick/server.rb:92:in `each'
  c:/Ruby186/lib/ruby/1.8/webrick/server.rb:92:in `start'
  c:/Ruby186/lib/ruby/1.8/webrick/server.rb:23:in `start'
  c:/Ruby186/lib/ruby/1.8/webrick/server.rb:82:in `start'

Rendering rescues/layout (not_found)


Processing PagesController#home (for 127.0.0.1 at 2010-08-13 21:54:45) [GET]
  Parameters: {"action"=>"home", "controller"=>"pages"}
Rendering template within layouts/pages
Rendering pages/home
Completed in 16ms (View: 16, DB: 0) | 200 OK [http://localhost/]


Processing ApplicationController#index (for 127.0.0.1 at 2010-08-13 21:54:46) [GET]

ActionController::RoutingError (No route matches "/images/logo.png" with {:method=>:get}):
  c:/Ruby186/lib/ruby/1.8/webrick/httpserver.rb:104:in `service'
  c:/Ruby186/lib/ruby/1.8/webrick/httpserver.rb:65:in `run'
  c:/Ruby186/lib/ruby/1.8/webrick/server.rb:173:in `start_thread'
  c:/Ruby186/lib/ruby/1.8/webrick/server.rb:162:in `start'
  c:/Ruby186/lib/ruby/1.8/webrick/server.rb:162:in `start_thread'
  c:/Ruby186/lib/ruby/1.8/webrick/server.rb:95:in `start'
  c:/Ruby186/lib/ruby/1.8/webrick/server.rb:92:in `each'
  c:/Ruby186/lib/ruby/1.8/webrick/server.rb:92:in `start'
  c:/Ruby186/lib/ruby/1.8/webrick/server.rb:23:in `start'
  c:/Ruby186/lib/ruby/1.8/webrick/server.rb:82:in `start'

Rendering rescues/layout (not_found)


Processing PagesController#home (for 127.0.0.1 at 2010-08-13 21:54:49) [GET]
  Parameters: {"action"=>"home", "controller"=>"pages"}
Rendering template within layouts/pages
Rendering pages/home
Completed in 0ms (View: 0, DB: 0) | 200 OK [http://localhost/]


Processing ApplicationController#index (for 127.0.0.1 at 2010-08-13 21:54:49) [GET]

ActionController::RoutingError (No route matches "/images/logo.png" with {:method=>:get}):
  c:/Ruby186/lib/ruby/1.8/webrick/httpserver.rb:104:in `service'
  c:/Ruby186/lib/ruby/1.8/webrick/httpserver.rb:65:in `run'
  c:/Ruby186/lib/ruby/1.8/webrick/server.rb:173:in `start_thread'
  c:/Ruby186/lib/ruby/1.8/webrick/server.rb:162:in `start'
  c:/Ruby186/lib/ruby/1.8/webrick/server.rb:162:in `start_thread'
  c:/Ruby186/lib/ruby/1.8/webrick/server.rb:95:in `start'
  c:/Ruby186/lib/ruby/1.8/webrick/server.rb:92:in `each'
  c:/Ruby186/lib/ruby/1.8/webrick/server.rb:92:in `start'
  c:/Ruby186/lib/ruby/1.8/webrick/server.rb:23:in `start'
  c:/Ruby186/lib/ruby/1.8/webrick/server.rb:82:in `start'

Rendering rescues/layout (not_found)


Processing PagesController#home (for 127.0.0.1 at 2010-08-13 21:55:13) [GET]
  Parameters: {"action"=>"home", "controller"=>"pages"}
Rendering template within layouts/pages
Rendering pages/home
Completed in 16ms (View: 16, DB: 0) | 200 OK [http://localhost/]


Processing ApplicationController#index (for 127.0.0.1 at 2010-08-13 21:55:13) [GET]

ActionController::RoutingError (No route matches "/images/logo.png" with {:method=>:get}):
  c:/Ruby186/lib/ruby/1.8/webrick/httpserver.rb:104:in `service'
  c:/Ruby186/lib/ruby/1.8/webrick/httpserver.rb:65:in `run'
  c:/Ruby186/lib/ruby/1.8/webrick/server.rb:173:in `start_thread'
  c:/Ruby186/lib/ruby/1.8/webrick/server.rb:162:in `start'
  c:/Ruby186/lib/ruby/1.8/webrick/server.rb:162:in `start_thread'
  c:/Ruby186/lib/ruby/1.8/webrick/server.rb:95:in `start'
  c:/Ruby186/lib/ruby/1.8/webrick/server.rb:92:in `each'
  c:/Ruby186/lib/ruby/1.8/webrick/server.rb:92:in `start'
  c:/Ruby186/lib/ruby/1.8/webrick/server.rb:23:in `start'
  c:/Ruby186/lib/ruby/1.8/webrick/server.rb:82:in `start'

Rendering rescues/layout (not_found)


Processing PagesController#home (for 127.0.0.1 at 2010-08-13 21:55:17) [GET]
  Parameters: {"action"=>"home", "controller"=>"pages"}
Rendering template within layouts/pages
Rendering pages/home
Completed in 16ms (View: 16, DB: 0) | 200 OK [http://localhost/]


Processing ApplicationController#index (for 127.0.0.1 at 2010-08-13 21:55:17) [GET]

ActionController::RoutingError (No route matches "/images/logo.png" with {:method=>:get}):
  c:/Ruby186/lib/ruby/1.8/webrick/httpserver.rb:104:in `service'
  c:/Ruby186/lib/ruby/1.8/webrick/httpserver.rb:65:in `run'
  c:/Ruby186/lib/ruby/1.8/webrick/server.rb:173:in `start_thread'
  c:/Ruby186/lib/ruby/1.8/webrick/server.rb:162:in `start'
  c:/Ruby186/lib/ruby/1.8/webrick/server.rb:162:in `start_thread'
  c:/Ruby186/lib/ruby/1.8/webrick/server.rb:95:in `start'
  c:/Ruby186/lib/ruby/1.8/webrick/server.rb:92:in `each'
  c:/Ruby186/lib/ruby/1.8/webrick/server.rb:92:in `start'
  c:/Ruby186/lib/ruby/1.8/webrick/server.rb:23:in `start'
  c:/Ruby186/lib/ruby/1.8/webrick/server.rb:82:in `start'

Rendering rescues/layout (not_found)


Processing PagesController#home (for 127.0.0.1 at 2010-08-13 21:55:35) [GET]
  Parameters: {"action"=>"home", "controller"=>"pages"}
Rendering template within layouts/pages
Rendering pages/home
Completed in 16ms (View: 16, DB: 0) | 200 OK [http://localhost/]


Processing ApplicationController#index (for 127.0.0.1 at 2010-08-13 21:55:36) [GET]

ActionController::RoutingError (No route matches "/images/logo.png" with {:method=>:get}):
  c:/Ruby186/lib/ruby/1.8/webrick/httpserver.rb:104:in `service'
  c:/Ruby186/lib/ruby/1.8/webrick/httpserver.rb:65:in `run'
  c:/Ruby186/lib/ruby/1.8/webrick/server.rb:173:in `start_thread'
  c:/Ruby186/lib/ruby/1.8/webrick/server.rb:162:in `start'
  c:/Ruby186/lib/ruby/1.8/webrick/server.rb:162:in `start_thread'
  c:/Ruby186/lib/ruby/1.8/webrick/server.rb:95:in `start'
  c:/Ruby186/lib/ruby/1.8/webrick/server.rb:92:in `each'
  c:/Ruby186/lib/ruby/1.8/webrick/server.rb:92:in `start'
  c:/Ruby186/lib/ruby/1.8/webrick/server.rb:23:in `start'
  c:/Ruby186/lib/ruby/1.8/webrick/server.rb:82:in `start'

Rendering rescues/layout (not_found)


Processing PagesController#home (for 127.0.0.1 at 2010-08-13 21:56:23) [GET]
  Parameters: {"action"=>"home", "controller"=>"pages"}
Rendering template within layouts/pages
Rendering pages/home
Completed in 0ms (View: 0, DB: 0) | 200 OK [http://localhost/]


Processing ApplicationController#index (for 127.0.0.1 at 2010-08-13 21:56:23) [GET]

ActionController::RoutingError (No route matches "/images/logo.png" with {:method=>:get}):
  c:/Ruby186/lib/ruby/1.8/webrick/httpserver.rb:104:in `service'
  c:/Ruby186/lib/ruby/1.8/webrick/httpserver.rb:65:in `run'
  c:/Ruby186/lib/ruby/1.8/webrick/server.rb:173:in `start_thread'
  c:/Ruby186/lib/ruby/1.8/webrick/server.rb:162:in `start'
  c:/Ruby186/lib/ruby/1.8/webrick/server.rb:162:in `start_thread'
  c:/Ruby186/lib/ruby/1.8/webrick/server.rb:95:in `start'
  c:/Ruby186/lib/ruby/1.8/webrick/server.rb:92:in `each'
  c:/Ruby186/lib/ruby/1.8/webrick/server.rb:92:in `start'
  c:/Ruby186/lib/ruby/1.8/webrick/server.rb:23:in `start'
  c:/Ruby186/lib/ruby/1.8/webrick/server.rb:82:in `start'

Rendering rescues/layout (not_found)


Processing PagesController#home (for 127.0.0.1 at 2010-08-13 21:56:34) [GET]
  Parameters: {"action"=>"home", "controller"=>"pages"}
Rendering template within layouts/pages
Rendering pages/home
Completed in 16ms (View: 16, DB: 0) | 200 OK [http://localhost/]


Processing ApplicationController#index (for 127.0.0.1 at 2010-08-13 21:56:35) [GET]

ActionController::RoutingError (No route matches "/images/logo.png" with {:method=>:get}):
  c:/Ruby186/lib/ruby/1.8/webrick/httpserver.rb:104:in `service'
  c:/Ruby186/lib/ruby/1.8/webrick/httpserver.rb:65:in `run'
  c:/Ruby186/lib/ruby/1.8/webrick/server.rb:173:in `start_thread'
  c:/Ruby186/lib/ruby/1.8/webrick/server.rb:162:in `start'
  c:/Ruby186/lib/ruby/1.8/webrick/server.rb:162:in `start_thread'
  c:/Ruby186/lib/ruby/1.8/webrick/server.rb:95:in `start'
  c:/Ruby186/lib/ruby/1.8/webrick/server.rb:92:in `each'
  c:/Ruby186/lib/ruby/1.8/webrick/server.rb:92:in `start'
  c:/Ruby186/lib/ruby/1.8/webrick/server.rb:23:in `start'
  c:/Ruby186/lib/ruby/1.8/webrick/server.rb:82:in `start'

Rendering rescues/layout (not_found)


Processing PagesController#home (for 127.0.0.1 at 2010-08-13 21:56:40) [GET]
  Parameters: {"action"=>"home", "controller"=>"pages"}
Rendering template within layouts/pages
Rendering pages/home
Completed in 16ms (View: 16, DB: 0) | 200 OK [http://localhost/]


Processing ApplicationController#index (for 127.0.0.1 at 2010-08-13 21:56:41) [GET]

ActionController::RoutingError (No route matches "/images/logo.png" with {:method=>:get}):
  c:/Ruby186/lib/ruby/1.8/webrick/httpserver.rb:104:in `service'
  c:/Ruby186/lib/ruby/1.8/webrick/httpserver.rb:65:in `run'
  c:/Ruby186/lib/ruby/1.8/webrick/server.rb:173:in `start_thread'
  c:/Ruby186/lib/ruby/1.8/webrick/server.rb:162:in `start'
  c:/Ruby186/lib/ruby/1.8/webrick/server.rb:162:in `start_thread'
  c:/Ruby186/lib/ruby/1.8/webrick/server.rb:95:in `start'
  c:/Ruby186/lib/ruby/1.8/webrick/server.rb:92:in `each'
  c:/Ruby186/lib/ruby/1.8/webrick/server.rb:92:in `start'
  c:/Ruby186/lib/ruby/1.8/webrick/server.rb:23:in `start'
  c:/Ruby186/lib/ruby/1.8/webrick/server.rb:82:in `start'

Rendering rescues/layout (not_found)


Processing PagesController#home (for 127.0.0.1 at 2010-08-13 21:56:45) [GET]
  Parameters: {"action"=>"home", "controller"=>"pages"}
Rendering template within layouts/pages
Rendering pages/home
Completed in 16ms (View: 16, DB: 0) | 200 OK [http://localhost/]


Processing ApplicationController#index (for 127.0.0.1 at 2010-08-13 21:56:45) [GET]

ActionController::RoutingError (No route matches "/images/logo.png" with {:method=>:get}):
  c:/Ruby186/lib/ruby/1.8/webrick/httpserver.rb:104:in `service'
  c:/Ruby186/lib/ruby/1.8/webrick/httpserver.rb:65:in `run'
  c:/Ruby186/lib/ruby/1.8/webrick/server.rb:173:in `start_thread'
  c:/Ruby186/lib/ruby/1.8/webrick/server.rb:162:in `start'
  c:/Ruby186/lib/ruby/1.8/webrick/server.rb:162:in `start_thread'
  c:/Ruby186/lib/ruby/1.8/webrick/server.rb:95:in `start'
  c:/Ruby186/lib/ruby/1.8/webrick/server.rb:92:in `each'
  c:/Ruby186/lib/ruby/1.8/webrick/server.rb:92:in `start'
  c:/Ruby186/lib/ruby/1.8/webrick/server.rb:23:in `start'
  c:/Ruby186/lib/ruby/1.8/webrick/server.rb:82:in `start'

Rendering rescues/layout (not_found)


Processing PagesController#home (for 127.0.0.1 at 2010-08-13 21:56:56) [GET]
  Parameters: {"action"=>"home", "controller"=>"pages"}
Rendering template within layouts/pages
Rendering pages/home
Completed in 16ms (View: 16, DB: 0) | 200 OK [http://localhost/]


Processing ApplicationController#index (for 127.0.0.1 at 2010-08-13 21:56:57) [GET]

ActionController::RoutingError (No route matches "/images/logo.png" with {:method=>:get}):
  c:/Ruby186/lib/ruby/1.8/webrick/httpserver.rb:104:in `service'
  c:/Ruby186/lib/ruby/1.8/webrick/httpserver.rb:65:in `run'
  c:/Ruby186/lib/ruby/1.8/webrick/server.rb:173:in `start_thread'
  c:/Ruby186/lib/ruby/1.8/webrick/server.rb:162:in `start'
  c:/Ruby186/lib/ruby/1.8/webrick/server.rb:162:in `start_thread'
  c:/Ruby186/lib/ruby/1.8/webrick/server.rb:95:in `start'
  c:/Ruby186/lib/ruby/1.8/webrick/server.rb:92:in `each'
  c:/Ruby186/lib/ruby/1.8/webrick/server.rb:92:in `start'
  c:/Ruby186/lib/ruby/1.8/webrick/server.rb:23:in `start'
  c:/Ruby186/lib/ruby/1.8/webrick/server.rb:82:in `start'

Rendering rescues/layout (not_found)


Processing PagesController#home (for 127.0.0.1 at 2010-08-13 21:57:59) [GET]
  Parameters: {"action"=>"home", "controller"=>"pages"}
Rendering template within layouts/pages
Rendering pages/home
Completed in 16ms (View: 16, DB: 0) | 200 OK [http://localhost/]


Processing ApplicationController#index (for 127.0.0.1 at 2010-08-13 21:57:59) [GET]

ActionController::RoutingError (No route matches "/images/logo.png" with {:method=>:get}):
  c:/Ruby186/lib/ruby/1.8/webrick/httpserver.rb:104:in `service'
  c:/Ruby186/lib/ruby/1.8/webrick/httpserver.rb:65:in `run'
  c:/Ruby186/lib/ruby/1.8/webrick/server.rb:173:in `start_thread'
  c:/Ruby186/lib/ruby/1.8/webrick/server.rb:162:in `start'
  c:/Ruby186/lib/ruby/1.8/webrick/server.rb:162:in `start_thread'
  c:/Ruby186/lib/ruby/1.8/webrick/server.rb:95:in `start'
  c:/Ruby186/lib/ruby/1.8/webrick/server.rb:92:in `each'
  c:/Ruby186/lib/ruby/1.8/webrick/server.rb:92:in `start'
  c:/Ruby186/lib/ruby/1.8/webrick/server.rb:23:in `start'
  c:/Ruby186/lib/ruby/1.8/webrick/server.rb:82:in `start'

Rendering rescues/layout (not_found)


Processing PagesController#home (for 127.0.0.1 at 2010-08-13 21:58:11) [GET]
  Parameters: {"action"=>"home", "controller"=>"pages"}
Rendering template within layouts/pages
Rendering pages/home
Completed in 16ms (View: 16, DB: 0) | 200 OK [http://localhost/]


Processing ApplicationController#index (for 127.0.0.1 at 2010-08-13 21:58:11) [GET]

ActionController::RoutingError (No route matches "/images/logo.png" with {:method=>:get}):
  c:/Ruby186/lib/ruby/1.8/webrick/httpserver.rb:104:in `service'
  c:/Ruby186/lib/ruby/1.8/webrick/httpserver.rb:65:in `run'
  c:/Ruby186/lib/ruby/1.8/webrick/server.rb:173:in `start_thread'
  c:/Ruby186/lib/ruby/1.8/webrick/server.rb:162:in `start'
  c:/Ruby186/lib/ruby/1.8/webrick/server.rb:162:in `start_thread'
  c:/Ruby186/lib/ruby/1.8/webrick/server.rb:95:in `start'
  c:/Ruby186/lib/ruby/1.8/webrick/server.rb:92:in `each'
  c:/Ruby186/lib/ruby/1.8/webrick/server.rb:92:in `start'
  c:/Ruby186/lib/ruby/1.8/webrick/server.rb:23:in `start'
  c:/Ruby186/lib/ruby/1.8/webrick/server.rb:82:in `start'

Rendering rescues/layout (not_found)


Processing PagesController#home (for 127.0.0.1 at 2010-08-13 21:58:21) [GET]
  Parameters: {"action"=>"home", "controller"=>"pages"}
Rendering template within layouts/pages
Rendering pages/home
Completed in 31ms (View: 31, DB: 0) | 200 OK [http://localhost/]


Processing ApplicationController#index (for 127.0.0.1 at 2010-08-13 21:58:21) [GET]

ActionController::RoutingError (No route matches "/images/logo.png" with {:method=>:get}):
  c:/Ruby186/lib/ruby/1.8/webrick/httpserver.rb:104:in `service'
  c:/Ruby186/lib/ruby/1.8/webrick/httpserver.rb:65:in `run'
  c:/Ruby186/lib/ruby/1.8/webrick/server.rb:173:in `start_thread'
  c:/Ruby186/lib/ruby/1.8/webrick/server.rb:162:in `start'
  c:/Ruby186/lib/ruby/1.8/webrick/server.rb:162:in `start_thread'
  c:/Ruby186/lib/ruby/1.8/webrick/server.rb:95:in `start'
  c:/Ruby186/lib/ruby/1.8/webrick/server.rb:92:in `each'
  c:/Ruby186/lib/ruby/1.8/webrick/server.rb:92:in `start'
  c:/Ruby186/lib/ruby/1.8/webrick/server.rb:23:in `start'
  c:/Ruby186/lib/ruby/1.8/webrick/server.rb:82:in `start'

Rendering rescues/layout (not_found)


Processing PagesController#home (for 127.0.0.1 at 2010-08-13 21:58:29) [GET]
  Parameters: {"action"=>"home", "controller"=>"pages"}
Rendering template within layouts/pages
Rendering pages/home
Completed in 16ms (View: 0, DB: 0) | 200 OK [http://localhost/]


Processing ApplicationController#index (for 127.0.0.1 at 2010-08-13 21:58:30) [GET]

ActionController::RoutingError (No route matches "/images/logo.png" with {:method=>:get}):
  c:/Ruby186/lib/ruby/1.8/webrick/httpserver.rb:104:in `service'
  c:/Ruby186/lib/ruby/1.8/webrick/httpserver.rb:65:in `run'
  c:/Ruby186/lib/ruby/1.8/webrick/server.rb:173:in `start_thread'
  c:/Ruby186/lib/ruby/1.8/webrick/server.rb:162:in `start'
  c:/Ruby186/lib/ruby/1.8/webrick/server.rb:162:in `start_thread'
  c:/Ruby186/lib/ruby/1.8/webrick/server.rb:95:in `start'
  c:/Ruby186/lib/ruby/1.8/webrick/server.rb:92:in `each'
  c:/Ruby186/lib/ruby/1.8/webrick/server.rb:92:in `start'
  c:/Ruby186/lib/ruby/1.8/webrick/server.rb:23:in `start'
  c:/Ruby186/lib/ruby/1.8/webrick/server.rb:82:in `start'

Rendering rescues/layout (not_found)


Processing PagesController#home (for 127.0.0.1 at 2010-08-13 21:58:39) [GET]
  Parameters: {"action"=>"home", "controller"=>"pages"}
Rendering template within layouts/pages
Rendering pages/home
Completed in 16ms (View: 0, DB: 16) | 200 OK [http://localhost/]


Processing ApplicationController#index (for 127.0.0.1 at 2010-08-13 21:58:40) [GET]

ActionController::RoutingError (No route matches "/images/logo.png" with {:method=>:get}):
  c:/Ruby186/lib/ruby/1.8/webrick/httpserver.rb:104:in `service'
  c:/Ruby186/lib/ruby/1.8/webrick/httpserver.rb:65:in `run'
  c:/Ruby186/lib/ruby/1.8/webrick/server.rb:173:in `start_thread'
  c:/Ruby186/lib/ruby/1.8/webrick/server.rb:162:in `start'
  c:/Ruby186/lib/ruby/1.8/webrick/server.rb:162:in `start_thread'
  c:/Ruby186/lib/ruby/1.8/webrick/server.rb:95:in `start'
  c:/Ruby186/lib/ruby/1.8/webrick/server.rb:92:in `each'
  c:/Ruby186/lib/ruby/1.8/webrick/server.rb:92:in `start'
  c:/Ruby186/lib/ruby/1.8/webrick/server.rb:23:in `start'
  c:/Ruby186/lib/ruby/1.8/webrick/server.rb:82:in `start'

Rendering rescues/layout (not_found)


Processing PagesController#home (for 127.0.0.1 at 2010-08-13 21:58:45) [GET]
  Parameters: {"action"=>"home", "controller"=>"pages"}
Rendering template within layouts/pages
Rendering pages/home
Completed in 16ms (View: 16, DB: 0) | 200 OK [http://localhost/]


Processing ApplicationController#index (for 127.0.0.1 at 2010-08-13 21:58:46) [GET]

ActionController::RoutingError (No route matches "/images/logo.png" with {:method=>:get}):
  c:/Ruby186/lib/ruby/1.8/webrick/httpserver.rb:104:in `service'
  c:/Ruby186/lib/ruby/1.8/webrick/httpserver.rb:65:in `run'
  c:/Ruby186/lib/ruby/1.8/webrick/server.rb:173:in `start_thread'
  c:/Ruby186/lib/ruby/1.8/webrick/server.rb:162:in `start'
  c:/Ruby186/lib/ruby/1.8/webrick/server.rb:162:in `start_thread'
  c:/Ruby186/lib/ruby/1.8/webrick/server.rb:95:in `start'
  c:/Ruby186/lib/ruby/1.8/webrick/server.rb:92:in `each'
  c:/Ruby186/lib/ruby/1.8/webrick/server.rb:92:in `start'
  c:/Ruby186/lib/ruby/1.8/webrick/server.rb:23:in `start'
  c:/Ruby186/lib/ruby/1.8/webrick/server.rb:82:in `start'

Rendering rescues/layout (not_found)


Processing PagesController#home (for 127.0.0.1 at 2010-08-13 21:58:53) [GET]
  Parameters: {"action"=>"home", "controller"=>"pages"}
Rendering template within layouts/pages
Rendering pages/home
Completed in 0ms (View: 0, DB: 0) | 200 OK [http://localhost/]


Processing ApplicationController#index (for 127.0.0.1 at 2010-08-13 21:58:53) [GET]

ActionController::RoutingError (No route matches "/images/logo.png" with {:method=>:get}):
  c:/Ruby186/lib/ruby/1.8/webrick/httpserver.rb:104:in `service'
  c:/Ruby186/lib/ruby/1.8/webrick/httpserver.rb:65:in `run'
  c:/Ruby186/lib/ruby/1.8/webrick/server.rb:173:in `start_thread'
  c:/Ruby186/lib/ruby/1.8/webrick/server.rb:162:in `start'
  c:/Ruby186/lib/ruby/1.8/webrick/server.rb:162:in `start_thread'
  c:/Ruby186/lib/ruby/1.8/webrick/server.rb:95:in `start'
  c:/Ruby186/lib/ruby/1.8/webrick/server.rb:92:in `each'
  c:/Ruby186/lib/ruby/1.8/webrick/server.rb:92:in `start'
  c:/Ruby186/lib/ruby/1.8/webrick/server.rb:23:in `start'
  c:/Ruby186/lib/ruby/1.8/webrick/server.rb:82:in `start'

Rendering rescues/layout (not_found)


Processing PagesController#home (for 127.0.0.1 at 2010-08-13 21:58:58) [GET]
  Parameters: {"action"=>"home", "controller"=>"pages"}
Rendering template within layouts/pages
Rendering pages/home
Completed in 16ms (View: 16, DB: 0) | 200 OK [http://localhost/]


Processing ApplicationController#index (for 127.0.0.1 at 2010-08-13 21:58:58) [GET]

ActionController::RoutingError (No route matches "/images/logo.png" with {:method=>:get}):
  c:/Ruby186/lib/ruby/1.8/webrick/httpserver.rb:104:in `service'
  c:/Ruby186/lib/ruby/1.8/webrick/httpserver.rb:65:in `run'
  c:/Ruby186/lib/ruby/1.8/webrick/server.rb:173:in `start_thread'
  c:/Ruby186/lib/ruby/1.8/webrick/server.rb:162:in `start'
  c:/Ruby186/lib/ruby/1.8/webrick/server.rb:162:in `start_thread'
  c:/Ruby186/lib/ruby/1.8/webrick/server.rb:95:in `start'
  c:/Ruby186/lib/ruby/1.8/webrick/server.rb:92:in `each'
  c:/Ruby186/lib/ruby/1.8/webrick/server.rb:92:in `start'
  c:/Ruby186/lib/ruby/1.8/webrick/server.rb:23:in `start'
  c:/Ruby186/lib/ruby/1.8/webrick/server.rb:82:in `start'

Rendering rescues/layout (not_found)


Processing PagesController#home (for 127.0.0.1 at 2010-08-13 21:58:59) [GET]
  Parameters: {"action"=>"home", "controller"=>"pages"}
Rendering template within layouts/pages
Rendering pages/home
Completed in 16ms (View: 0, DB: 16) | 200 OK [http://localhost/]


Processing ApplicationController#index (for 127.0.0.1 at 2010-08-13 21:58:59) [GET]

ActionController::RoutingError (No route matches "/images/logo.png" with {:method=>:get}):
  c:/Ruby186/lib/ruby/1.8/webrick/httpserver.rb:104:in `service'
  c:/Ruby186/lib/ruby/1.8/webrick/httpserver.rb:65:in `run'
  c:/Ruby186/lib/ruby/1.8/webrick/server.rb:173:in `start_thread'
  c:/Ruby186/lib/ruby/1.8/webrick/server.rb:162:in `start'
  c:/Ruby186/lib/ruby/1.8/webrick/server.rb:162:in `start_thread'
  c:/Ruby186/lib/ruby/1.8/webrick/server.rb:95:in `start'
  c:/Ruby186/lib/ruby/1.8/webrick/server.rb:92:in `each'
  c:/Ruby186/lib/ruby/1.8/webrick/server.rb:92:in `start'
  c:/Ruby186/lib/ruby/1.8/webrick/server.rb:23:in `start'
  c:/Ruby186/lib/ruby/1.8/webrick/server.rb:82:in `start'

Rendering rescues/layout (not_found)


Processing PagesController#home (for 127.0.0.1 at 2010-08-13 21:58:59) [GET]
  Parameters: {"action"=>"home", "controller"=>"pages"}
Rendering template within layouts/pages
Rendering pages/home
Completed in 0ms (View: 0, DB: 0) | 200 OK [http://localhost/]


Processing ApplicationController#index (for 127.0.0.1 at 2010-08-13 21:59:00) [GET]

ActionController::RoutingError (No route matches "/images/logo.png" with {:method=>:get}):
  c:/Ruby186/lib/ruby/1.8/webrick/httpserver.rb:104:in `service'
  c:/Ruby186/lib/ruby/1.8/webrick/httpserver.rb:65:in `run'
  c:/Ruby186/lib/ruby/1.8/webrick/server.rb:173:in `start_thread'
  c:/Ruby186/lib/ruby/1.8/webrick/server.rb:162:in `start'
  c:/Ruby186/lib/ruby/1.8/webrick/server.rb:162:in `start_thread'
  c:/Ruby186/lib/ruby/1.8/webrick/server.rb:95:in `start'
  c:/Ruby186/lib/ruby/1.8/webrick/server.rb:92:in `each'
  c:/Ruby186/lib/ruby/1.8/webrick/server.rb:92:in `start'
  c:/Ruby186/lib/ruby/1.8/webrick/server.rb:23:in `start'
  c:/Ruby186/lib/ruby/1.8/webrick/server.rb:82:in `start'

Rendering rescues/layout (not_found)


Processing PagesController#home (for 127.0.0.1 at 2010-08-13 21:59:27) [GET]
  Parameters: {"action"=>"home", "controller"=>"pages"}
Rendering template within layouts/pages
Rendering pages/home
Completed in 16ms (View: 16, DB: 0) | 200 OK [http://localhost/]


Processing ApplicationController#index (for 127.0.0.1 at 2010-08-13 21:59:27) [GET]

ActionController::RoutingError (No route matches "/images/logo.png" with {:method=>:get}):
  c:/Ruby186/lib/ruby/1.8/webrick/httpserver.rb:104:in `service'
  c:/Ruby186/lib/ruby/1.8/webrick/httpserver.rb:65:in `run'
  c:/Ruby186/lib/ruby/1.8/webrick/server.rb:173:in `start_thread'
  c:/Ruby186/lib/ruby/1.8/webrick/server.rb:162:in `start'
  c:/Ruby186/lib/ruby/1.8/webrick/server.rb:162:in `start_thread'
  c:/Ruby186/lib/ruby/1.8/webrick/server.rb:95:in `start'
  c:/Ruby186/lib/ruby/1.8/webrick/server.rb:92:in `each'
  c:/Ruby186/lib/ruby/1.8/webrick/server.rb:92:in `start'
  c:/Ruby186/lib/ruby/1.8/webrick/server.rb:23:in `start'
  c:/Ruby186/lib/ruby/1.8/webrick/server.rb:82:in `start'

Rendering rescues/layout (not_found)


Processing PagesController#home (for 127.0.0.1 at 2010-08-13 21:59:30) [GET]
  Parameters: {"action"=>"home", "controller"=>"pages"}
Rendering template within layouts/pages
Rendering pages/home
Completed in 16ms (View: 16, DB: 0) | 200 OK [http://localhost/]


Processing ApplicationController#index (for 127.0.0.1 at 2010-08-13 21:59:30) [GET]

ActionController::RoutingError (No route matches "/images/logo.png" with {:method=>:get}):
  c:/Ruby186/lib/ruby/1.8/webrick/httpserver.rb:104:in `service'
  c:/Ruby186/lib/ruby/1.8/webrick/httpserver.rb:65:in `run'
  c:/Ruby186/lib/ruby/1.8/webrick/server.rb:173:in `start_thread'
  c:/Ruby186/lib/ruby/1.8/webrick/server.rb:162:in `start'
  c:/Ruby186/lib/ruby/1.8/webrick/server.rb:162:in `start_thread'
  c:/Ruby186/lib/ruby/1.8/webrick/server.rb:95:in `start'
  c:/Ruby186/lib/ruby/1.8/webrick/server.rb:92:in `each'
  c:/Ruby186/lib/ruby/1.8/webrick/server.rb:92:in `start'
  c:/Ruby186/lib/ruby/1.8/webrick/server.rb:23:in `start'
  c:/Ruby186/lib/ruby/1.8/webrick/server.rb:82:in `start'

Rendering rescues/layout (not_found)


Processing PagesController#home (for 127.0.0.1 at 2010-08-13 21:59:37) [GET]
  Parameters: {"action"=>"home", "controller"=>"pages"}
Rendering template within layouts/pages
Rendering pages/home
Completed in 0ms (View: 0, DB: 0) | 200 OK [http://localhost/]


Processing ApplicationController#index (for 127.0.0.1 at 2010-08-13 21:59:37) [GET]

ActionController::RoutingError (No route matches "/images/logo.png" with {:method=>:get}):
  c:/Ruby186/lib/ruby/1.8/webrick/httpserver.rb:104:in `service'
  c:/Ruby186/lib/ruby/1.8/webrick/httpserver.rb:65:in `run'
  c:/Ruby186/lib/ruby/1.8/webrick/server.rb:173:in `start_thread'
  c:/Ruby186/lib/ruby/1.8/webrick/server.rb:162:in `start'
  c:/Ruby186/lib/ruby/1.8/webrick/server.rb:162:in `start_thread'
  c:/Ruby186/lib/ruby/1.8/webrick/server.rb:95:in `start'
  c:/Ruby186/lib/ruby/1.8/webrick/server.rb:92:in `each'
  c:/Ruby186/lib/ruby/1.8/webrick/server.rb:92:in `start'
  c:/Ruby186/lib/ruby/1.8/webrick/server.rb:23:in `start'
  c:/Ruby186/lib/ruby/1.8/webrick/server.rb:82:in `start'

Rendering rescues/layout (not_found)


Processing PagesController#home (for 127.0.0.1 at 2010-08-13 21:59:41) [GET]
  Parameters: {"action"=>"home", "controller"=>"pages"}
Rendering template within layouts/pages
Rendering pages/home
Completed in 16ms (View: 16, DB: 0) | 200 OK [http://localhost/]


Processing ApplicationController#index (for 127.0.0.1 at 2010-08-13 21:59:41) [GET]

ActionController::RoutingError (No route matches "/images/logo.png" with {:method=>:get}):
  c:/Ruby186/lib/ruby/1.8/webrick/httpserver.rb:104:in `service'
  c:/Ruby186/lib/ruby/1.8/webrick/httpserver.rb:65:in `run'
  c:/Ruby186/lib/ruby/1.8/webrick/server.rb:173:in `start_thread'
  c:/Ruby186/lib/ruby/1.8/webrick/server.rb:162:in `start'
  c:/Ruby186/lib/ruby/1.8/webrick/server.rb:162:in `start_thread'
  c:/Ruby186/lib/ruby/1.8/webrick/server.rb:95:in `start'
  c:/Ruby186/lib/ruby/1.8/webrick/server.rb:92:in `each'
  c:/Ruby186/lib/ruby/1.8/webrick/server.rb:92:in `start'
  c:/Ruby186/lib/ruby/1.8/webrick/server.rb:23:in `start'
  c:/Ruby186/lib/ruby/1.8/webrick/server.rb:82:in `start'

Rendering rescues/layout (not_found)
/!\ FAILSAFE /!\  Sun Aug 22 03:53:36 -0600 2010
  Status: 500 Internal Server Error
  no such file to load -- mysql
    /Library/Ruby/Site/1.8/rubygems/custom_require.rb:31:in `gem_original_require'
    /Library/Ruby/Site/1.8/rubygems/custom_require.rb:31:in `require'
    /Library/Ruby/Gems/1.8/gems/activesupport-2.3.8/lib/active_support/dependencies.rb:158:in `require'
    /Library/Ruby/Gems/1.8/gems/activesupport-2.3.8/lib/active_support/core_ext/kernel/requires.rb:7:in `require_library_or_gem'
    /Library/Ruby/Gems/1.8/gems/activesupport-2.3.8/lib/active_support/core_ext/kernel/reporting.rb:11:in `silence_warnings'
    /Library/Ruby/Gems/1.8/gems/activesupport-2.3.8/lib/active_support/core_ext/kernel/requires.rb:5:in `require_library_or_gem'
    /Library/Ruby/Gems/1.8/gems/activerecord-2.3.8/lib/active_record/connection_adapters/mysql_adapter.rb:61:in `mysql_connection'
    /Library/Ruby/Gems/1.8/gems/activerecord-2.3.8/lib/active_record/connection_adapters/abstract/connection_pool.rb:223:in `send'
    /Library/Ruby/Gems/1.8/gems/activerecord-2.3.8/lib/active_record/connection_adapters/abstract/connection_pool.rb:223:in `new_connection'
    /Library/Ruby/Gems/1.8/gems/activerecord-2.3.8/lib/active_record/connection_adapters/abstract/connection_pool.rb:245:in `checkout_new_connection'
    /Library/Ruby/Gems/1.8/gems/activerecord-2.3.8/lib/active_record/connection_adapters/abstract/connection_pool.rb:188:in `checkout'
    /Library/Ruby/Gems/1.8/gems/activerecord-2.3.8/lib/active_record/connection_adapters/abstract/connection_pool.rb:184:in `loop'
    /Library/Ruby/Gems/1.8/gems/activerecord-2.3.8/lib/active_record/connection_adapters/abstract/connection_pool.rb:184:in `checkout'
    /System/Library/Frameworks/Ruby.framework/Versions/1.8/usr/lib/ruby/1.8/monitor.rb:242:in `synchronize'
    /Library/Ruby/Gems/1.8/gems/activerecord-2.3.8/lib/active_record/connection_adapters/abstract/connection_pool.rb:183:in `checkout'
    /Library/Ruby/Gems/1.8/gems/activerecord-2.3.8/lib/active_record/connection_adapters/abstract/connection_pool.rb:98:in `connection'
    /Library/Ruby/Gems/1.8/gems/activerecord-2.3.8/lib/active_record/connection_adapters/abstract/connection_pool.rb:326:in `retrieve_connection'
    /Library/Ruby/Gems/1.8/gems/activerecord-2.3.8/lib/active_record/connection_adapters/abstract/connection_specification.rb:123:in `retrieve_connection'
    /Library/Ruby/Gems/1.8/gems/activerecord-2.3.8/lib/active_record/connection_adapters/abstract/connection_specification.rb:115:in `connection'
    /Library/Ruby/Gems/1.8/gems/activerecord-2.3.8/lib/active_record/query_cache.rb:9:in `cache'
    /Library/Ruby/Gems/1.8/gems/activerecord-2.3.8/lib/active_record/query_cache.rb:28:in `call'
    /Library/Ruby/Gems/1.8/gems/activerecord-2.3.8/lib/active_record/connection_adapters/abstract/connection_pool.rb:361:in `call'
    /Library/Ruby/Gems/1.8/gems/actionpack-2.3.8/lib/action_controller/string_coercion.rb:25:in `call'
    /Library/Ruby/Gems/1.8/gems/rack-1.1.0/lib/rack/head.rb:9:in `call'
    /Library/Ruby/Gems/1.8/gems/rack-1.1.0/lib/rack/methodoverride.rb:24:in `call'
    /Library/Ruby/Gems/1.8/gems/actionpack-2.3.8/lib/action_controller/params_parser.rb:15:in `call'
    /Library/Ruby/Gems/1.8/gems/actionpack-2.3.8/lib/action_controller/session/cookie_store.rb:99:in `call'
    /Library/Ruby/Gems/1.8/gems/actionpack-2.3.8/lib/action_controller/failsafe.rb:26:in `call'
    /Library/Ruby/Gems/1.8/gems/rack-1.1.0/lib/rack/lock.rb:11:in `call'
    /Library/Ruby/Gems/1.8/gems/rack-1.1.0/lib/rack/lock.rb:11:in `synchronize'
    /Library/Ruby/Gems/1.8/gems/rack-1.1.0/lib/rack/lock.rb:11:in `call'
    /Library/Ruby/Gems/1.8/gems/actionpack-2.3.8/lib/action_controller/dispatcher.rb:106:in `call'
    /Library/Ruby/Gems/1.8/gems/rails-2.3.8/lib/rails/rack/static.rb:31:in `call'
    /Library/Ruby/Gems/1.8/gems/rack-1.1.0/lib/rack/urlmap.rb:47:in `call'
    /Library/Ruby/Gems/1.8/gems/rack-1.1.0/lib/rack/urlmap.rb:41:in `each'
    /Library/Ruby/Gems/1.8/gems/rack-1.1.0/lib/rack/urlmap.rb:41:in `call'
    /Library/Ruby/Gems/1.8/gems/rails-2.3.8/lib/rails/rack/log_tailer.rb:17:in `call'
    /Library/Ruby/Gems/1.8/gems/rack-1.1.0/lib/rack/content_length.rb:13:in `call'
    /Library/Ruby/Gems/1.8/gems/rack-1.1.0/lib/rack/chunked.rb:15:in `call'
    /Library/Ruby/Gems/1.8/gems/rack-1.1.0/lib/rack/handler/mongrel.rb:67:in `process'
    /System/Library/Frameworks/Ruby.framework/Versions/1.8/usr/lib/ruby/gems/1.8/gems/mongrel-1.1.4/lib/mongrel.rb:159:in `process_client'
    /System/Library/Frameworks/Ruby.framework/Versions/1.8/usr/lib/ruby/gems/1.8/gems/mongrel-1.1.4/lib/mongrel.rb:158:in `each'
    /System/Library/Frameworks/Ruby.framework/Versions/1.8/usr/lib/ruby/gems/1.8/gems/mongrel-1.1.4/lib/mongrel.rb:158:in `process_client'
    /System/Library/Frameworks/Ruby.framework/Versions/1.8/usr/lib/ruby/gems/1.8/gems/mongrel-1.1.4/lib/mongrel.rb:285:in `run'
    /System/Library/Frameworks/Ruby.framework/Versions/1.8/usr/lib/ruby/gems/1.8/gems/mongrel-1.1.4/lib/mongrel.rb:285:in `initialize'
    /System/Library/Frameworks/Ruby.framework/Versions/1.8/usr/lib/ruby/gems/1.8/gems/mongrel-1.1.4/lib/mongrel.rb:285:in `new'
    /System/Library/Frameworks/Ruby.framework/Versions/1.8/usr/lib/ruby/gems/1.8/gems/mongrel-1.1.4/lib/mongrel.rb:285:in `run'
    /System/Library/Frameworks/Ruby.framework/Versions/1.8/usr/lib/ruby/gems/1.8/gems/mongrel-1.1.4/lib/mongrel.rb:268:in `initialize'
    /System/Library/Frameworks/Ruby.framework/Versions/1.8/usr/lib/ruby/gems/1.8/gems/mongrel-1.1.4/lib/mongrel.rb:268:in `new'
    /System/Library/Frameworks/Ruby.framework/Versions/1.8/usr/lib/ruby/gems/1.8/gems/mongrel-1.1.4/lib/mongrel.rb:268:in `run'
    /Library/Ruby/Gems/1.8/gems/rack-1.1.0/lib/rack/handler/mongrel.rb:38:in `run'
    /Library/Ruby/Gems/1.8/gems/rails-2.3.8/lib/commands/server.rb:111
    /Library/Ruby/Site/1.8/rubygems/custom_require.rb:31:in `gem_original_require'
    /Library/Ruby/Site/1.8/rubygems/custom_require.rb:31:in `require'
    script/server:3
